#
# There is insufficient memory for the Java Runtime Environment to continue.
# Native memory allocation (malloc) failed to allocate 443536 bytes. Error detail: Chunk::new
# Possible reasons:
#   The system is out of physical RAM or swap space
#   This process is running with CompressedOops enabled, and the Java Heap may be blocking the growth of the native heap
# Possible solutions:
#   Reduce memory load on the system
#   Increase physical memory or swap space
#   Check if swap backing store is full
#   Decrease Java heap size (-Xmx/-Xms)
#   Decrease number of Java threads
#   Decrease Java thread stack sizes (-Xss)
#   Set larger code cache with -XX:ReservedCodeCacheSize=
#   JVM is running with Zero Based Compressed Oops mode in which the Java heap is
#     placed in the first 32GB address space. The Java Heap base address is the
#     maximum limit for the native heap growth. Please use -XX:HeapBaseMinAddress
#     to set the Java Heap base and to place the Java Heap above 32GB virtual address.
# This output file may be truncated or incomplete.
#
#  Out of Memory Error (arena.cpp:168), pid=8280, tid=31068
#
# JRE version: OpenJDK Runtime Environment Microsoft-13106404 (21.0.10+7) (build 21.0.10+7-LTS)
# Java VM: OpenJDK 64-Bit Server VM Microsoft-13106404 (21.0.10+7-LTS, mixed mode, sharing, tiered, compressed oops, compressed class ptrs, g1 gc, windows-amd64)
# No core dump will be written. Minidumps are not enabled by default on client versions of Windows
#

---------------  S U M M A R Y ------------

Command Line: -agentlib:jdwp=transport=dt_socket,address=127.0.0.1:54361,suspend=y,server=n -javaagent:C:\Users\datdo\AppData\Local\JetBrains\IntelliJIdea2025.3\captureAgent\debugger-agent.jar=file:///C:/Users/datdo/AppData/Local/Temp/capture12376561944825392545.props -Dkotlinx.coroutines.debug.enable.creation.stack.trace=false -Ddebugger.agent.enable.coroutines=true -Dkotlinx.coroutines.debug.enable.flows.stack.trace=true -Dkotlinx.coroutines.debug.enable.mutable.state.flows.stack.trace=true -Ddebugger.async.stack.trace.for.all.threads=true -Dfile.encoding=UTF-8 -Dsun.stdout.encoding=UTF-8 -Dsun.stderr.encoding=UTF-8 com.example.api_gateway.ApiGatewayApplication

Host: AMD Ryzen 7 5800H with Radeon Graphics         , 16 cores, 13G,  Windows 11 , 64 bit Build 26100 (10.0.26100.7920)
Time: Mon Apr  6 10:03:51 2026 SE Asia Standard Time elapsed time: 1102.737029 seconds (0d 0h 18m 22s)

---------------  T H R E A D  ---------------

Current thread (0x000001ca9a2501c0):  JavaThread "C2 CompilerThread0" daemon [_thread_in_native, id=31068, stack(0x000000bdb9200000,0x000000bdb9300000) (1024K)]


Current CompileTask:
C2:1102737 10485       4       org.springframework.core.SerializableTypeWrapper$TypeProxyInvocationHandler::invoke (364 bytes)

Stack: [0x000000bdb9200000,0x000000bdb9300000]
Native frames: (J=compiled Java code, j=interpreted, Vv=VM code, C=native code)
V  [jvm.dll+0x6dfe69]  (no source info available)
V  [jvm.dll+0x8bfe4b]  (no source info available)
V  [jvm.dll+0x8c23da]  (no source info available)
V  [jvm.dll+0x8c2ab3]  (no source info available)
V  [jvm.dll+0x28a9e6]  (no source info available)
V  [jvm.dll+0xc903d]  (no source info available)
V  [jvm.dll+0xc958c]  (no source info available)
V  [jvm.dll+0x3c83d2]  (no source info available)
V  [jvm.dll+0x394a32]  (no source info available)
V  [jvm.dll+0x393e8a]  (no source info available)
V  [jvm.dll+0x252670]  (no source info available)
V  [jvm.dll+0x251c93]  (no source info available)
V  [jvm.dll+0x1d1adf]  (no source info available)
V  [jvm.dll+0x26195a]  (no source info available)
V  [jvm.dll+0x25fcc5]  (no source info available)
V  [jvm.dll+0x402155]  (no source info available)
V  [jvm.dll+0x86ab8d]  (no source info available)
V  [jvm.dll+0x6e141d]  (no source info available)
C  [ucrtbase.dll+0x37b0]  (no source info available)
C  [KERNEL32.DLL+0x2e8d7]  (no source info available)
C  [ntdll.dll+0x8c48c]  (no source info available)


---------------  P R O C E S S  ---------------

Threads class SMR info:
_java_thread_list=0x000001cae8c425c0, length=54, elements={
0x000001ca99ec86c0, 0x000001ca99ec9120, 0x000001ca99ecb180, 0x000001ca99ecc680,
0x000001ca99ecd0e0, 0x000001ca99ed80a0, 0x000001ca9a2501c0, 0x000001ca99ee1db0,
0x000001ca9a412f40, 0x000001ca9a413680, 0x000001ca9a4325f0, 0x000001ca9a5a4bf0,
0x000001ca9a4fc240, 0x000001ca9a4f1380, 0x000001cae40ac780, 0x000001cae82290f0,
0x000001cae6752990, 0x000001cae67536b0, 0x000001cae6750230, 0x000001cae6755780,
0x000001caebbc1fb0, 0x000001caebbc2640, 0x000001caebbc1290, 0x000001caebbc4080,
0x000001caebbc0c00, 0x000001caebbc5ac0, 0x000001caebbc7b90, 0x000001cae8b1f460,
0x000001cae8b1bfe0, 0x000001cae8b1c670, 0x000001cae8b1e0b0, 0x000001cae8b1da20,
0x000001cae8b22f70, 0x000001cae8b228e0, 0x000001cae8b21530, 0x000001cae8b21bc0,
0x000001cae049d520, 0x000001cae87c1fe0, 0x000001cae87c2670, 0x000001cae87c2d00,
0x000001cae87c1950, 0x000001cae87bf880, 0x000001cae87c3390, 0x000001cae87bff10,
0x000001cae87c0c30, 0x000001cae87c3a20, 0x000001cae87c12c0, 0x000001cae87c6ea0,
0x000001cae87c6180, 0x000001cae87c6810, 0x000001cae87ca320, 0x000001cae87c8f70,
0x000001cae87c9600, 0x000001cae87cb6d0
}

Java Threads: ( => current thread )
  0x000001ca99ec86c0 JavaThread "Reference Handler"          daemon [_thread_blocked, id=16680, stack(0x000000bdb8c00000,0x000000bdb8d00000) (1024K)]
  0x000001ca99ec9120 JavaThread "Finalizer"                  daemon [_thread_blocked, id=5824, stack(0x000000bdb8d00000,0x000000bdb8e00000) (1024K)]
  0x000001ca99ecb180 JavaThread "Signal Dispatcher"          daemon [_thread_blocked, id=14932, stack(0x000000bdb8e00000,0x000000bdb8f00000) (1024K)]
  0x000001ca99ecc680 JavaThread "Attach Listener"            daemon [_thread_blocked, id=13060, stack(0x000000bdb8f00000,0x000000bdb9000000) (1024K)]
  0x000001ca99ecd0e0 JavaThread "Service Thread"             daemon [_thread_blocked, id=31256, stack(0x000000bdb9000000,0x000000bdb9100000) (1024K)]
  0x000001ca99ed80a0 JavaThread "Monitor Deflation Thread"   daemon [_thread_blocked, id=13976, stack(0x000000bdb9100000,0x000000bdb9200000) (1024K)]
=>0x000001ca9a2501c0 JavaThread "C2 CompilerThread0"         daemon [_thread_in_native, id=31068, stack(0x000000bdb9200000,0x000000bdb9300000) (1024K)]
  0x000001ca99ee1db0 JavaThread "C1 CompilerThread0"         daemon [_thread_blocked, id=18580, stack(0x000000bdb9300000,0x000000bdb9400000) (1024K)]
  0x000001ca9a412f40 JavaThread "JDWP Transport Listener: dt_socket" daemon [_thread_blocked, id=15796, stack(0x000000bdb9600000,0x000000bdb9700000) (1024K)]
  0x000001ca9a413680 JavaThread "JDWP Event Helper Thread"   daemon [_thread_blocked, id=29680, stack(0x000000bdb9700000,0x000000bdb9800000) (1024K)]
  0x000001ca9a4325f0 JavaThread "JDWP Command Reader"        daemon [_thread_in_native, id=20948, stack(0x000000bdb9800000,0x000000bdb9900000) (1024K)]
  0x000001ca9a5a4bf0 JavaThread "Common-Cleaner"             daemon [_thread_blocked, id=15520, stack(0x000000bdb9900000,0x000000bdb9a00000) (1024K)]
  0x000001ca9a4fc240 JavaThread "IntelliJ Suspend Helper"    daemon [_thread_blocked, id=19660, stack(0x000000bdb9a00000,0x000000bdb9b00000) (1024K)]
  0x000001ca9a4f1380 JavaThread "Notification Thread"        daemon [_thread_blocked, id=16676, stack(0x000000bdb9b00000,0x000000bdb9c00000) (1024K)]
  0x000001cae40ac780 JavaThread "boundedElastic-evictor-1"   daemon [_thread_blocked, id=11736, stack(0x000000bdbac00000,0x000000bdbad00000) (1024K)]
  0x000001cae82290f0 JavaThread "spring.cloud.inetutils"     daemon [_thread_blocked, id=22216, stack(0x000000bdbaf00000,0x000000bdbb000000) (1024K)]
  0x000001cae6752990 JavaThread "File Watcher"               daemon [_thread_blocked, id=13720, stack(0x000000bdbb100000,0x000000bdbb200000) (1024K)]
  0x000001cae67536b0 JavaThread "Live Reload Server"         daemon [_thread_in_native, id=26968, stack(0x000000bdbb300000,0x000000bdbb400000) (1024K)]
  0x000001cae6750230 JavaThread "catalogWatchTaskScheduler-1"        [_thread_blocked, id=28572, stack(0x000000bdbb200000,0x000000bdbb300000) (1024K)]
  0x000001cae6755780 JavaThread "boundedElastic-1"           daemon [_thread_blocked, id=9524, stack(0x000000bdbb500000,0x000000bdbb600000) (1024K)]
  0x000001caebbc1fb0 JavaThread "boundedElastic-8"           daemon [_thread_blocked, id=24352, stack(0x000000bdbbc00000,0x000000bdbbd00000) (1024K)]
  0x000001caebbc2640 JavaThread "boundedElastic-9"           daemon [_thread_blocked, id=740, stack(0x000000bdbbd00000,0x000000bdbbe00000) (1024K)]
  0x000001caebbc1290 JavaThread "boundedElastic-13"          daemon [_thread_blocked, id=14752, stack(0x000000bdbc100000,0x000000bdbc200000) (1024K)]
  0x000001caebbc4080 JavaThread "reactor-http-nio-1"         daemon [_thread_in_native, id=23584, stack(0x000000bdbc300000,0x000000bdbc400000) (1024K)]
  0x000001caebbc0c00 JavaThread "server"                            [_thread_blocked, id=15456, stack(0x000000bdbc400000,0x000000bdbc500000) (1024K)]
  0x000001caebbc5ac0 JavaThread "DestroyJavaVM"                     [_thread_blocked, id=18620, stack(0x000000bdb8400000,0x000000bdb8500000) (1024K)]
  0x000001caebbc7b90 JavaThread "reactor-http-nio-2"         daemon [_thread_in_native, id=18832, stack(0x000000bdb9400000,0x000000bdb9500000) (1024K)]
  0x000001cae8b1f460 JavaThread "reactor-http-nio-3"         daemon [_thread_in_native, id=19436, stack(0x000000bdb9500000,0x000000bdb9600000) (1024K)]
  0x000001cae8b1bfe0 JavaThread "reactor-http-nio-4"         daemon [_thread_in_native, id=14568, stack(0x000000bdb9c00000,0x000000bdb9d00000) (1024K)]
  0x000001cae8b1c670 JavaThread "reactor-http-nio-5"         daemon [_thread_in_native, id=8424, stack(0x000000bdba800000,0x000000bdba900000) (1024K)]
  0x000001cae8b1e0b0 JavaThread "reactor-http-nio-6"         daemon [_thread_in_native, id=28608, stack(0x000000bdbb000000,0x000000bdbb100000) (1024K)]
  0x000001cae8b1da20 JavaThread "reactor-http-nio-7"         daemon [_thread_in_native, id=30804, stack(0x000000bdbca00000,0x000000bdbcb00000) (1024K)]
  0x000001cae8b22f70 JavaThread "reactor-http-nio-8"         daemon [_thread_in_native, id=23140, stack(0x000000bdbcb00000,0x000000bdbcc00000) (1024K)]
  0x000001cae8b228e0 JavaThread "parallel-1"                 daemon [_thread_blocked, id=14360, stack(0x000000bdbcc00000,0x000000bdbcd00000) (1024K)]
  0x000001cae8b21530 JavaThread "boundedElastic-17"          daemon [_thread_blocked, id=23560, stack(0x000000bdbce00000,0x000000bdbcf00000) (1024K)]
  0x000001cae8b21bc0 JavaThread "pool-5-thread-1"            daemon [_thread_blocked, id=8908, stack(0x000000bdbcf00000,0x000000bdbd000000) (1024K)]
  0x000001cae049d520 JavaThread "reactor-http-nio-9"         daemon [_thread_in_native, id=27948, stack(0x000000bdbd000000,0x000000bdbd100000) (1024K)]
  0x000001cae87c1fe0 JavaThread "reactor-http-nio-10"        daemon [_thread_in_native, id=27652, stack(0x000000bdbd100000,0x000000bdbd200000) (1024K)]
  0x000001cae87c2670 JavaThread "reactor-http-nio-11"        daemon [_thread_in_native, id=12732, stack(0x000000bdbd200000,0x000000bdbd300000) (1024K)]
  0x000001cae87c2d00 JavaThread "reactor-http-nio-12"        daemon [_thread_in_native, id=20160, stack(0x000000bdbd300000,0x000000bdbd400000) (1024K)]
  0x000001cae87c1950 JavaThread "reactor-http-nio-13"        daemon [_thread_in_native, id=29052, stack(0x000000bdbd400000,0x000000bdbd500000) (1024K)]
  0x000001cae87bf880 JavaThread "reactor-http-nio-14"        daemon [_thread_in_native, id=31436, stack(0x000000bdbd500000,0x000000bdbd600000) (1024K)]
  0x000001cae87c3390 JavaThread "reactor-http-nio-15"        daemon [_thread_in_native, id=20392, stack(0x000000bdbd600000,0x000000bdbd700000) (1024K)]
  0x000001cae87bff10 JavaThread "reactor-http-nio-16"        daemon [_thread_in_native, id=14720, stack(0x000000bdbd700000,0x000000bdbd800000) (1024K)]
  0x000001cae87c0c30 JavaThread "Jndi-Dns-address-change-listener" daemon [_thread_in_native, id=17540, stack(0x000000bdbd800000,0x000000bdbd900000) (1024K)]
  0x000001cae87c3a20 JavaThread "parallel-2"                 daemon [_thread_blocked, id=28528, stack(0x000000bdbc800000,0x000000bdbc900000) (1024K)]
  0x000001cae87c12c0 JavaThread "parallel-3"                 daemon [_thread_blocked, id=16996, stack(0x000000bdbd900000,0x000000bdbda00000) (1024K)]
  0x000001cae87c6ea0 JavaThread "parallel-4"                 daemon [_thread_blocked, id=20692, stack(0x000000bdbc600000,0x000000bdbc700000) (1024K)]
  0x000001cae87c6180 JavaThread "parallel-5"                 daemon [_thread_blocked, id=21356, stack(0x000000bdbdc00000,0x000000bdbdd00000) (1024K)]
  0x000001cae87c6810 JavaThread "parallel-6"                 daemon [_thread_blocked, id=3420, stack(0x000000bdb8300000,0x000000bdb8400000) (1024K)]
  0x000001cae87ca320 JavaThread "parallel-7"                 daemon [_thread_blocked, id=19628, stack(0x000000bdba700000,0x000000bdba800000) (1024K)]
  0x000001cae87c8f70 JavaThread "parallel-8"                 daemon [_thread_blocked, id=1528, stack(0x000000bdb8100000,0x000000bdb8200000) (1024K)]
  0x000001cae87c9600 JavaThread "parallel-9"                 daemon [_thread_blocked, id=21152, stack(0x000000bdb9d00000,0x000000bdb9e00000) (1024K)]
  0x000001cae87cb6d0 JavaThread "parallel-10"                daemon [_thread_blocked, id=8352, stack(0x000000bdbb400000,0x000000bdbb500000) (1024K)]
Total: 54

Other Threads:
  0x000001ca99eac840 VMThread "VM Thread"                           [id=25580, stack(0x000000bdb8b00000,0x000000bdb8c00000) (1024K)]
  0x000001ca99e9e4f0 WatcherThread "VM Periodic Task Thread"        [id=8020, stack(0x000000bdb8a00000,0x000000bdb8b00000) (1024K)]
  0x000001cafad1e9a0 WorkerThread "GC Thread#0"                     [id=14844, stack(0x000000bdb8500000,0x000000bdb8600000) (1024K)]
  0x000001cae046d300 WorkerThread "GC Thread#1"                     [id=11204, stack(0x000000bdb9e00000,0x000000bdb9f00000) (1024K)]
  0x000001cae0137c70 WorkerThread "GC Thread#2"                     [id=31284, stack(0x000000bdb9f00000,0x000000bdba000000) (1024K)]
  0x000001cae043b880 WorkerThread "GC Thread#3"                     [id=24544, stack(0x000000bdba000000,0x000000bdba100000) (1024K)]
  0x000001cae05b4110 WorkerThread "GC Thread#4"                     [id=11508, stack(0x000000bdba100000,0x000000bdba200000) (1024K)]
  0x000001cae05e2840 WorkerThread "GC Thread#5"                     [id=10980, stack(0x000000bdba200000,0x000000bdba300000) (1024K)]
  0x000001cae0591470 WorkerThread "GC Thread#6"                     [id=8464, stack(0x000000bdba300000,0x000000bdba400000) (1024K)]
  0x000001cae0591820 WorkerThread "GC Thread#7"                     [id=4316, stack(0x000000bdba400000,0x000000bdba500000) (1024K)]
  0x000001cae0591bd0 WorkerThread "GC Thread#8"                     [id=7620, stack(0x000000bdba500000,0x000000bdba600000) (1024K)]
  0x000001cae0592790 WorkerThread "GC Thread#9"                     [id=18724, stack(0x000000bdba600000,0x000000bdba700000) (1024K)]
  0x000001cae06ef310 WorkerThread "GC Thread#10"                    [id=20688, stack(0x000000bdba900000,0x000000bdbaa00000) (1024K)]
  0x000001cae06efa70 WorkerThread "GC Thread#11"                    [id=25332, stack(0x000000bdbaa00000,0x000000bdbab00000) (1024K)]
  0x000001cae06ee800 WorkerThread "GC Thread#12"                    [id=15884, stack(0x000000bdbab00000,0x000000bdbac00000) (1024K)]
  0x000001cafad2dfd0 ConcurrentGCThread "G1 Main Marker"            [id=18344, stack(0x000000bdb8600000,0x000000bdb8700000) (1024K)]
  0x000001cafad305c0 WorkerThread "G1 Conc#0"                       [id=19704, stack(0x000000bdb8700000,0x000000bdb8800000) (1024K)]
  0x000001cae12bdd20 WorkerThread "G1 Conc#1"                       [id=23376, stack(0x000000bdbad00000,0x000000bdbae00000) (1024K)]
  0x000001cae12bf340 WorkerThread "G1 Conc#2"                       [id=7796, stack(0x000000bdbae00000,0x000000bdbaf00000) (1024K)]
  0x000001ca99d71170 ConcurrentGCThread "G1 Refine#0"               [id=19140, stack(0x000000bdb8800000,0x000000bdb8900000) (1024K)]
  0x000001ca99d719a0 ConcurrentGCThread "G1 Service"                [id=29420, stack(0x000000bdb8900000,0x000000bdb8a00000) (1024K)]
Total: 21

Threads with active compile tasks:
C2 CompilerThread0  1102765 10485       4       org.springframework.core.SerializableTypeWrapper$TypeProxyInvocationHandler::invoke (364 bytes)
Total: 1

VM state: not at safepoint (normal execution)

VM Mutex/Monitor currently owned by a thread: None

Heap address: 0x0000000722400000, size: 3548 MB, Compressed Oops mode: Zero based, Oop shift amount: 3

CDS archive(s) mapped at: [0x000001ca9b000000-0x000001ca9bc80000-0x000001ca9bc80000), size 13107200, SharedBaseAddress: 0x000001ca9b000000, ArchiveRelocationMode: 1.
Compressed class space mapped at: 0x000001ca9c000000-0x000001cadc000000, reserved size: 1073741824
Narrow klass base: 0x000001ca9b000000, Narrow klass shift: 0, Narrow klass range: 0x100000000

GC Precious Log:
 CardTable entry size: 512
 Card Set container configuration: InlinePtr #cards 4 size 8 Array Of Cards #cards 16 size 48 Howl #buckets 8 coarsen threshold 3686 Howl Bitmap #cards 512 size 80 coarsen threshold 460 Card regions per heap region 1 cards per card region 4096
 CPUs: 16 total, 16 available
 Memory: 14188M
 Large Page Support: Disabled
 NUMA Support: Disabled
 Compressed Oops: Enabled (Zero based)
 Heap Region Size: 2M
 Heap Min Capacity: 8M
 Heap Initial Capacity: 222M
 Heap Max Capacity: 3548M
 Pre-touch: Disabled
 Parallel Workers: 13
 Concurrent Workers: 3
 Concurrent Refinement Workers: 13
 Periodic GC: Disabled

Heap:
 garbage-first heap   total 116736K, used 64893K [0x0000000722400000, 0x0000000800000000)
  region size 2048K, 20 young (40960K), 5 survivors (10240K)
 Metaspace       used 65698K, committed 66496K, reserved 1114112K
  class space    used 8302K, committed 8704K, reserved 1048576K

Heap Regions: E=young(eden), S=young(survivor), O=old, HS=humongous(starts), HC=humongous(continues), CS=collection set, F=free, TAMS=top-at-mark-start, PB=parsable bottom
|   0|0x0000000722400000, 0x0000000722600000, 0x0000000722600000|100%| O|  |TAMS 0x0000000722400000| PB 0x0000000722400000| Untracked 
|   1|0x0000000722600000, 0x0000000722800000, 0x0000000722800000|100%| O|  |TAMS 0x0000000722600000| PB 0x0000000722600000| Untracked 
|   2|0x0000000722800000, 0x0000000722a00000, 0x0000000722a00000|100%| O|  |TAMS 0x0000000722800000| PB 0x0000000722800000| Untracked 
|   3|0x0000000722a00000, 0x0000000722c00000, 0x0000000722c00000|100%| O|  |TAMS 0x0000000722a00000| PB 0x0000000722a00000| Untracked 
|   4|0x0000000722c00000, 0x0000000722e00000, 0x0000000722e00000|100%| O|  |TAMS 0x0000000722c00000| PB 0x0000000722c00000| Untracked 
|   5|0x0000000722e00000, 0x0000000723000000, 0x0000000723000000|100%| O|  |TAMS 0x0000000722e00000| PB 0x0000000722e00000| Untracked 
|   6|0x0000000723000000, 0x0000000723200000, 0x0000000723200000|100%| O|  |TAMS 0x0000000723000000| PB 0x0000000723000000| Untracked 
|   7|0x0000000723200000, 0x0000000723400000, 0x0000000723400000|100%| O|  |TAMS 0x0000000723200000| PB 0x0000000723200000| Untracked 
|   8|0x0000000723400000, 0x0000000723600000, 0x0000000723600000|100%| O|  |TAMS 0x0000000723400000| PB 0x0000000723400000| Untracked 
|   9|0x0000000723600000, 0x0000000723800000, 0x0000000723800000|100%| O|  |TAMS 0x0000000723600000| PB 0x0000000723600000| Untracked 
|  10|0x0000000723800000, 0x0000000723a00000, 0x0000000723a00000|100%| O|  |TAMS 0x0000000723800000| PB 0x0000000723800000| Untracked 
|  11|0x0000000723a00000, 0x0000000723c00000, 0x0000000723c00000|100%| O|  |TAMS 0x0000000723a00000| PB 0x0000000723a00000| Untracked 
|  12|0x0000000723c00000, 0x0000000723e00000, 0x0000000723e00000|100%| O|  |TAMS 0x0000000723c00000| PB 0x0000000723c00000| Untracked 
|  13|0x0000000723e00000, 0x0000000723e169f0, 0x0000000724000000|  4%| O|Cm|TAMS 0x0000000723e00000| PB 0x0000000723e00000| Complete 
|  14|0x0000000724000000, 0x0000000724148a40, 0x0000000724200000| 64%| O|  |TAMS 0x0000000724000000| PB 0x0000000724000000| Untracked 
|  15|0x0000000724200000, 0x0000000724200000, 0x0000000724400000|  0%| F|  |TAMS 0x0000000724200000| PB 0x0000000724200000| Untracked 
|  16|0x0000000724400000, 0x0000000724400000, 0x0000000724600000|  0%| F|  |TAMS 0x0000000724400000| PB 0x0000000724400000| Untracked 
|  17|0x0000000724600000, 0x0000000724600000, 0x0000000724800000|  0%| F|  |TAMS 0x0000000724600000| PB 0x0000000724600000| Untracked 
|  18|0x0000000724800000, 0x0000000724a00000, 0x0000000724a00000|100%| S|CS|TAMS 0x0000000724800000| PB 0x0000000724800000| Complete 
|  19|0x0000000724a00000, 0x0000000724c00000, 0x0000000724c00000|100%| S|CS|TAMS 0x0000000724a00000| PB 0x0000000724a00000| Complete 
|  20|0x0000000724c00000, 0x0000000724e00000, 0x0000000724e00000|100%| S|CS|TAMS 0x0000000724c00000| PB 0x0000000724c00000| Complete 
|  21|0x0000000724e00000, 0x0000000725000000, 0x0000000725000000|100%| S|CS|TAMS 0x0000000724e00000| PB 0x0000000724e00000| Complete 
|  22|0x0000000725000000, 0x0000000725200000, 0x0000000725200000|100%| S|CS|TAMS 0x0000000725000000| PB 0x0000000725000000| Complete 
|  23|0x0000000725200000, 0x0000000725200000, 0x0000000725400000|  0%| F|  |TAMS 0x0000000725200000| PB 0x0000000725200000| Untracked 
|  24|0x0000000725400000, 0x0000000725400000, 0x0000000725600000|  0%| F|  |TAMS 0x0000000725400000| PB 0x0000000725400000| Untracked 
|  25|0x0000000725600000, 0x0000000725600000, 0x0000000725800000|  0%| F|  |TAMS 0x0000000725600000| PB 0x0000000725600000| Untracked 
|  26|0x0000000725800000, 0x0000000725800000, 0x0000000725a00000|  0%| F|  |TAMS 0x0000000725800000| PB 0x0000000725800000| Untracked 
|  27|0x0000000725a00000, 0x0000000725a00000, 0x0000000725c00000|  0%| F|  |TAMS 0x0000000725a00000| PB 0x0000000725a00000| Untracked 
|  28|0x0000000725c00000, 0x0000000725c00000, 0x0000000725e00000|  0%| F|  |TAMS 0x0000000725c00000| PB 0x0000000725c00000| Untracked 
|  29|0x0000000725e00000, 0x0000000725e00000, 0x0000000726000000|  0%| F|  |TAMS 0x0000000725e00000| PB 0x0000000725e00000| Untracked 
|  30|0x0000000726000000, 0x0000000726000000, 0x0000000726200000|  0%| F|  |TAMS 0x0000000726000000| PB 0x0000000726000000| Untracked 
|  31|0x0000000726200000, 0x0000000726200000, 0x0000000726400000|  0%| F|  |TAMS 0x0000000726200000| PB 0x0000000726200000| Untracked 
|  32|0x0000000726400000, 0x0000000726400000, 0x0000000726600000|  0%| F|  |TAMS 0x0000000726400000| PB 0x0000000726400000| Untracked 
|  33|0x0000000726600000, 0x0000000726600000, 0x0000000726800000|  0%| F|  |TAMS 0x0000000726600000| PB 0x0000000726600000| Untracked 
|  34|0x0000000726800000, 0x0000000726800000, 0x0000000726a00000|  0%| F|  |TAMS 0x0000000726800000| PB 0x0000000726800000| Untracked 
|  35|0x0000000726a00000, 0x0000000726a00000, 0x0000000726c00000|  0%| F|  |TAMS 0x0000000726a00000| PB 0x0000000726a00000| Untracked 
|  36|0x0000000726c00000, 0x0000000726c00000, 0x0000000726e00000|  0%| F|  |TAMS 0x0000000726c00000| PB 0x0000000726c00000| Untracked 
|  37|0x0000000726e00000, 0x0000000726e00000, 0x0000000727000000|  0%| F|  |TAMS 0x0000000726e00000| PB 0x0000000726e00000| Untracked 
|  38|0x0000000727000000, 0x0000000727000000, 0x0000000727200000|  0%| F|  |TAMS 0x0000000727000000| PB 0x0000000727000000| Untracked 
|  39|0x0000000727200000, 0x0000000727200000, 0x0000000727400000|  0%| F|  |TAMS 0x0000000727200000| PB 0x0000000727200000| Untracked 
|  40|0x0000000727400000, 0x0000000727400000, 0x0000000727600000|  0%| F|  |TAMS 0x0000000727400000| PB 0x0000000727400000| Untracked 
|  41|0x0000000727600000, 0x0000000727600000, 0x0000000727800000|  0%| F|  |TAMS 0x0000000727600000| PB 0x0000000727600000| Untracked 
|  42|0x0000000727800000, 0x0000000727871548, 0x0000000727a00000| 22%| E|  |TAMS 0x0000000727800000| PB 0x0000000727800000| Complete 
|  43|0x0000000727a00000, 0x0000000727c00000, 0x0000000727c00000|100%| E|CS|TAMS 0x0000000727a00000| PB 0x0000000727a00000| Complete 
|  44|0x0000000727c00000, 0x0000000727e00000, 0x0000000727e00000|100%| E|CS|TAMS 0x0000000727c00000| PB 0x0000000727c00000| Complete 
|  45|0x0000000727e00000, 0x0000000728000000, 0x0000000728000000|100%| E|CS|TAMS 0x0000000727e00000| PB 0x0000000727e00000| Complete 
|  46|0x0000000728000000, 0x0000000728200000, 0x0000000728200000|100%| E|CS|TAMS 0x0000000728000000| PB 0x0000000728000000| Complete 
|  47|0x0000000728200000, 0x0000000728400000, 0x0000000728400000|100%| E|CS|TAMS 0x0000000728200000| PB 0x0000000728200000| Complete 
|  48|0x0000000728400000, 0x0000000728600000, 0x0000000728600000|100%| E|  |TAMS 0x0000000728400000| PB 0x0000000728400000| Complete 
|  49|0x0000000728600000, 0x0000000728800000, 0x0000000728800000|100%| E|CS|TAMS 0x0000000728600000| PB 0x0000000728600000| Complete 
|  50|0x0000000728800000, 0x0000000728a00000, 0x0000000728a00000|100%| E|CS|TAMS 0x0000000728800000| PB 0x0000000728800000| Complete 
|  51|0x0000000728a00000, 0x0000000728c00000, 0x0000000728c00000|100%| E|CS|TAMS 0x0000000728a00000| PB 0x0000000728a00000| Complete 
|  52|0x0000000728c00000, 0x0000000728e00000, 0x0000000728e00000|100%| E|CS|TAMS 0x0000000728c00000| PB 0x0000000728c00000| Complete 
|  53|0x0000000728e00000, 0x0000000729000000, 0x0000000729000000|100%| E|CS|TAMS 0x0000000728e00000| PB 0x0000000728e00000| Complete 
|  54|0x0000000729000000, 0x0000000729200000, 0x0000000729200000|100%| E|CS|TAMS 0x0000000729000000| PB 0x0000000729000000| Complete 
|  55|0x0000000729200000, 0x0000000729400000, 0x0000000729400000|100%| E|CS|TAMS 0x0000000729200000| PB 0x0000000729200000| Complete 
| 110|0x0000000730000000, 0x0000000730200000, 0x0000000730200000|100%| E|CS|TAMS 0x0000000730000000| PB 0x0000000730000000| Complete 

Card table byte_map: [0x000001cafbce0000,0x000001cafc3d0000] _byte_map_base: 0x000001caf83ce000

Marking Bits: (CMBitMap*) 0x000001cafad1f7d0
 Bits: [0x000001cafc3d0000, 0x000001caffb40000)

Polling page: 0x000001caf8ad0000

Metaspace:

Usage:
  Non-class:     56.05 MB used.
      Class:      8.11 MB used.
       Both:     64.16 MB used.

Virtual space:
  Non-class space:       64.00 MB reserved,      56.44 MB ( 88%) committed,  1 nodes.
      Class space:        1.00 GB reserved,       8.50 MB ( <1%) committed,  1 nodes.
             Both:        1.06 GB reserved,      64.94 MB (  6%) committed. 

Chunk freelists:
   Non-Class:  6.62 MB
       Class:  7.51 MB
        Both:  14.14 MB

MaxMetaspaceSize: unlimited
CompressedClassSpaceSize: 1.00 GB
Initial GC threshold: 21.00 MB
Current GC threshold: 98.75 MB
CDS: on
 - commit_granule_bytes: 65536.
 - commit_granule_words: 8192.
 - virtual_space_node_default_size: 8388608.
 - enlarge_chunks_in_place: 1.
 - use_allocation_guard: 0.


Internal statistics:

num_allocs_failed_limit: 9.
num_arena_births: 1222.
num_arena_deaths: 0.
num_vsnodes_births: 2.
num_vsnodes_deaths: 0.
num_space_committed: 1039.
num_space_uncommitted: 0.
num_chunks_returned_to_freelist: 9.
num_chunks_taken_from_freelist: 3480.
num_chunk_merges: 6.
num_chunk_splits: 2344.
num_chunks_enlarged: 1708.
num_inconsistent_stats: 0.

CodeHeap 'non-profiled nmethods': size=119168Kb used=6661Kb max_used=6661Kb free=112506Kb
 bounds [0x000001ca90200000, 0x000001ca90890000, 0x000001ca97660000]
CodeHeap 'profiled nmethods': size=119104Kb used=22197Kb max_used=22197Kb free=96907Kb
 bounds [0x000001ca88660000, 0x000001ca89c10000, 0x000001ca8fab0000]
CodeHeap 'non-nmethods': size=7488Kb used=1580Kb max_used=3342Kb free=5908Kb
 bounds [0x000001ca8fab0000, 0x000001ca8fe00000, 0x000001ca90200000]
CodeCache: size=245760Kb, used=30438Kb, max_used=32200Kb, free=215321Kb
 total_blobs=10373, nmethods=9706, adapters=571, full_count=0
Compilation: enabled, stopped_count=0, restarted_count=0

Compilation events (20 events):
Event: 1100.679 Thread 0x000001ca99ee1db0 nmethod 10478 0x000001ca89c04110 code [0x000001ca89c045c0, 0x000001ca89c06af0]
Event: 1100.679 Thread 0x000001ca99ee1db0 10481       3       org.springframework.web.reactive.accept.RequestedContentTypeResolverBuilder::lambda$build$2 (56 bytes)
Event: 1100.680 Thread 0x000001ca99ee1db0 nmethod 10481 0x000001ca89c07610 code [0x000001ca89c07820, 0x000001ca89c07ed0]
Event: 1100.680 Thread 0x000001ca99ee1db0 10479       3       reactor.core.publisher.Mono::checkpoint (46 bytes)
Event: 1100.680 Thread 0x000001ca99ee1db0 nmethod 10479 0x000001ca89c08110 code [0x000001ca89c08360, 0x000001ca89c08f80]
Event: 1100.680 Thread 0x000001ca99ee1db0 10480       3       org.springframework.web.reactive.accept.RequestedContentTypeResolverBuilder$$Lambda/0x000001ca9c5f5d70::resolveMediaTypes (13 bytes)
Event: 1100.680 Thread 0x000001ca99ee1db0 nmethod 10480 0x000001ca89c09310 code [0x000001ca89c094c0, 0x000001ca89c09630]
Event: 1100.680 Thread 0x000001ca99ee1db0 10482   !   3       org.springframework.web.reactive.accept.HeaderContentTypeResolver::resolveMediaTypes (70 bytes)
Event: 1100.681 Thread 0x000001ca99ee1db0 nmethod 10482 0x000001ca89c09710 code [0x000001ca89c099c0, 0x000001ca89c0a620]
Event: 1100.681 Thread 0x000001ca99ee1db0 10483       3       org.springframework.http.ReadOnlyHttpHeaders::getAccept (24 bytes)
Event: 1100.681 Thread 0x000001ca99ee1db0 nmethod 10483 0x000001ca89c0ab10 code [0x000001ca89c0ad20, 0x000001ca89c0b280]
Event: 1100.690 Thread 0x000001ca99ee1db0 10484       3       java.util.Set::spliterator (6 bytes)
Event: 1100.690 Thread 0x000001ca99ee1db0 nmethod 10484 0x000001ca89c0b410 code [0x000001ca89c0b5e0, 0x000001ca89c0b978]
Event: 1100.690 Thread 0x000001ca9a2501c0 10485       4       org.springframework.core.SerializableTypeWrapper$TypeProxyInvocationHandler::invoke (364 bytes)
Event: 1100.691 Thread 0x000001ca99ee1db0 10486       3       reactor.util.context.Context::readOnly (2 bytes)
Event: 1100.691 Thread 0x000001ca99ee1db0 nmethod 10486 0x000001ca89c0ba90 code [0x000001ca89c0bc20, 0x000001ca89c0bd30]
Event: 1100.691 Thread 0x000001ca99ee1db0 10487       3       reactor.core.publisher.Flux::concatWith (34 bytes)
Event: 1100.692 Thread 0x000001ca99ee1db0 nmethod 10487 0x000001ca89c0be10 code [0x000001ca89c0c040, 0x000001ca89c0ca78]
Event: 1100.692 Thread 0x000001ca99ee1db0 10488       3       reactor.core.publisher.FluxConcatArray::<init> (23 bytes)
Event: 1100.692 Thread 0x000001ca99ee1db0 nmethod 10488 0x000001ca89c0cd10 code [0x000001ca89c0cee0, 0x000001ca89c0d280]

GC Heap History (20 events):
Event: 3.228 GC heap before
{Heap before GC invocations=5 (full 0):
 garbage-first heap   total 43008K, used 28630K [0x0000000722400000, 0x0000000800000000)
  region size 2048K, 12 young (24576K), 4 survivors (8192K)
 Metaspace       used 26825K, committed 27072K, reserved 1114112K
  class space    used 3133K, committed 3264K, reserved 1048576K
}
Event: 3.232 GC heap after
{Heap after GC invocations=6 (full 0):
 garbage-first heap   total 43008K, used 13199K [0x0000000722400000, 0x0000000800000000)
  region size 2048K, 1 young (2048K), 1 survivors (2048K)
 Metaspace       used 26825K, committed 27072K, reserved 1114112K
  class space    used 3133K, committed 3264K, reserved 1048576K
}
Event: 3.570 GC heap before
{Heap before GC invocations=6 (full 0):
 garbage-first heap   total 43008K, used 31631K [0x0000000722400000, 0x0000000800000000)
  region size 2048K, 10 young (20480K), 1 survivors (2048K)
 Metaspace       used 27578K, committed 27968K, reserved 1114112K
  class space    used 3238K, committed 3392K, reserved 1048576K
}
Event: 3.572 GC heap after
{Heap after GC invocations=7 (full 0):
 garbage-first heap   total 43008K, used 14193K [0x0000000722400000, 0x0000000800000000)
  region size 2048K, 2 young (4096K), 2 survivors (4096K)
 Metaspace       used 27578K, committed 27968K, reserved 1114112K
  class space    used 3238K, committed 3392K, reserved 1048576K
}
Event: 3.902 GC heap before
{Heap before GC invocations=7 (full 0):
 garbage-first heap   total 43008K, used 32625K [0x0000000722400000, 0x0000000800000000)
  region size 2048K, 11 young (22528K), 2 survivors (4096K)
 Metaspace       used 29676K, committed 30016K, reserved 1114112K
  class space    used 3515K, committed 3648K, reserved 1048576K
}
Event: 3.905 GC heap after
{Heap after GC invocations=8 (full 0):
 garbage-first heap   total 43008K, used 15609K [0x0000000722400000, 0x0000000800000000)
  region size 2048K, 2 young (4096K), 2 survivors (4096K)
 Metaspace       used 29676K, committed 30016K, reserved 1114112K
  class space    used 3515K, committed 3648K, reserved 1048576K
}
Event: 4.238 GC heap before
{Heap before GC invocations=8 (full 0):
 garbage-first heap   total 43008K, used 31993K [0x0000000722400000, 0x0000000800000000)
  region size 2048K, 11 young (22528K), 2 survivors (4096K)
 Metaspace       used 31374K, committed 31744K, reserved 1114112K
  class space    used 3757K, committed 3904K, reserved 1048576K
}
Event: 4.240 GC heap after
{Heap after GC invocations=9 (full 0):
 garbage-first heap   total 43008K, used 16731K [0x0000000722400000, 0x0000000800000000)
  region size 2048K, 2 young (4096K), 2 survivors (4096K)
 Metaspace       used 31374K, committed 31744K, reserved 1114112K
  class space    used 3757K, committed 3904K, reserved 1048576K
}
Event: 4.651 GC heap before
{Heap before GC invocations=9 (full 0):
 garbage-first heap   total 43008K, used 35163K [0x0000000722400000, 0x0000000800000000)
  region size 2048K, 11 young (22528K), 2 survivors (4096K)
 Metaspace       used 35228K, committed 35648K, reserved 1114112K
  class space    used 4310K, committed 4480K, reserved 1048576K
}
Event: 4.654 GC heap after
{Heap after GC invocations=10 (full 0):
 garbage-first heap   total 43008K, used 18563K [0x0000000722400000, 0x0000000800000000)
  region size 2048K, 2 young (4096K), 2 survivors (4096K)
 Metaspace       used 35228K, committed 35648K, reserved 1114112K
  class space    used 4310K, committed 4480K, reserved 1048576K
}
Event: 4.725 GC heap before
{Heap before GC invocations=10 (full 0):
 garbage-first heap   total 43008K, used 20611K [0x0000000722400000, 0x0000000800000000)
  region size 2048K, 4 young (8192K), 2 survivors (4096K)
 Metaspace       used 35722K, committed 36096K, reserved 1114112K
  class space    used 4394K, committed 4544K, reserved 1048576K
}
Event: 4.726 GC heap after
{Heap after GC invocations=11 (full 0):
 garbage-first heap   total 43008K, used 18846K [0x0000000722400000, 0x0000000800000000)
  region size 2048K, 2 young (4096K), 2 survivors (4096K)
 Metaspace       used 35722K, committed 36096K, reserved 1114112K
  class space    used 4394K, committed 4544K, reserved 1048576K
}
Event: 4.977 GC heap before
{Heap before GC invocations=12 (full 0):
 garbage-first heap   total 43008K, used 33182K [0x0000000722400000, 0x0000000800000000)
  region size 2048K, 9 young (18432K), 2 survivors (4096K)
 Metaspace       used 38197K, committed 38720K, reserved 1114112K
  class space    used 4728K, committed 4928K, reserved 1048576K
}
Event: 4.980 GC heap after
{Heap after GC invocations=13 (full 0):
 garbage-first heap   total 135168K, used 20334K [0x0000000722400000, 0x0000000800000000)
  region size 2048K, 1 young (2048K), 1 survivors (2048K)
 Metaspace       used 38197K, committed 38720K, reserved 1114112K
  class space    used 4728K, committed 4928K, reserved 1048576K
}
Event: 6.446 GC heap before
{Heap before GC invocations=13 (full 0):
 garbage-first heap   total 135168K, used 98158K [0x0000000722400000, 0x0000000800000000)
  region size 2048K, 39 young (79872K), 1 survivors (2048K)
 Metaspace       used 49874K, committed 50560K, reserved 1114112K
  class space    used 6291K, committed 6592K, reserved 1048576K
}
Event: 6.453 GC heap after
{Heap after GC invocations=14 (full 0):
 garbage-first heap   total 135168K, used 27734K [0x0000000722400000, 0x0000000800000000)
  region size 2048K, 5 young (10240K), 5 survivors (10240K)
 Metaspace       used 49874K, committed 50560K, reserved 1114112K
  class space    used 6291K, committed 6592K, reserved 1048576K
}
Event: 33.684 GC heap before
{Heap before GC invocations=14 (full 0):
 garbage-first heap   total 135168K, used 85078K [0x0000000722400000, 0x0000000800000000)
  region size 2048K, 35 young (71680K), 5 survivors (10240K)
 Metaspace       used 59662K, committed 60416K, reserved 1114112K
  class space    used 7637K, committed 8000K, reserved 1048576K
}
Event: 33.692 GC heap after
{Heap after GC invocations=15 (full 0):
 garbage-first heap   total 135168K, used 32497K [0x0000000722400000, 0x0000000800000000)
  region size 2048K, 3 young (6144K), 3 survivors (6144K)
 Metaspace       used 59662K, committed 60416K, reserved 1114112K
  class space    used 7637K, committed 8000K, reserved 1048576K
}
Event: 629.899 GC heap before
{Heap before GC invocations=16 (full 0):
 garbage-first heap   total 116736K, used 93937K [0x0000000722400000, 0x0000000800000000)
  region size 2048K, 34 young (69632K), 3 survivors (6144K)
 Metaspace       used 63947K, committed 64768K, reserved 1114112K
  class space    used 8063K, committed 8448K, reserved 1048576K
}
Event: 629.915 GC heap after
{Heap after GC invocations=17 (full 0):
 garbage-first heap   total 116736K, used 38269K [0x0000000722400000, 0x0000000800000000)
  region size 2048K, 5 young (10240K), 5 survivors (10240K)
 Metaspace       used 63947K, committed 64768K, reserved 1114112K
  class space    used 8063K, committed 8448K, reserved 1048576K
}

Dll operation events (13 events):
Event: 0.013 Loaded shared library C:\Users\datdo\.jdks\ms-21.0.10\bin\java.dll
Event: 0.015 Loaded shared library C:\Users\datdo\.jdks\ms-21.0.10\bin\zip.dll
Event: 0.044 Loaded shared library C:\Users\datdo\.jdks\ms-21.0.10\bin\jsvml.dll
Event: 0.221 Loaded shared library C:\Users\datdo\.jdks\ms-21.0.10\bin\instrument.dll
Event: 0.303 Loaded shared library C:\Users\datdo\.jdks\ms-21.0.10\bin\net.dll
Event: 0.304 Loaded shared library C:\Users\datdo\.jdks\ms-21.0.10\bin\nio.dll
Event: 0.316 Loaded shared library C:\Users\datdo\.jdks\ms-21.0.10\bin\zip.dll
Event: 1.831 Loaded shared library C:\Users\datdo\.jdks\ms-21.0.10\bin\verify.dll
Event: 1.839 Loaded shared library C:\Users\datdo\.jdks\ms-21.0.10\bin\jimage.dll
Event: 2.107 Loaded shared library C:\Users\datdo\.jdks\ms-21.0.10\bin\management.dll
Event: 2.109 Loaded shared library C:\Users\datdo\.jdks\ms-21.0.10\bin\management_ext.dll
Event: 6.585 Loaded shared library C:\Users\datdo\.jdks\ms-21.0.10\bin\extnet.dll
Event: 6.720 Loaded shared library C:\Users\datdo\.jdks\ms-21.0.10\bin\sunmscapi.dll

Deoptimization events (20 events):
Event: 1100.689 Thread 0x000001cae6755780 DEOPT UNPACKING pc=0x000001ca8fb04bc2 sp=0x000000bdbb5fc7e8 mode 1
Event: 1100.689 Thread 0x000001caebbc1fb0 DEOPT UNPACKING pc=0x000001ca8fb04bc2 sp=0x000000bdbbcfce98 mode 1
Event: 1100.689 Thread 0x000001cae8b21530 DEOPT PACKING pc=0x000001ca8976b3f4 sp=0x000000bdbcefd570
Event: 1100.689 Thread 0x000001cae8b21530 DEOPT UNPACKING pc=0x000001ca8fb04bc2 sp=0x000000bdbcefca18 mode 1
Event: 1100.689 Thread 0x000001cae6755780 DEOPT PACKING pc=0x000001ca8978176c sp=0x000000bdbb5fd3b0
Event: 1100.689 Thread 0x000001caebbc1fb0 DEOPT PACKING pc=0x000001ca89b2425c sp=0x000000bdbbcfda60
Event: 1100.689 Thread 0x000001cae8b21530 DEOPT PACKING pc=0x000001ca897741fc sp=0x000000bdbcefd5d0
Event: 1100.689 Thread 0x000001cae6755780 DEOPT UNPACKING pc=0x000001ca8fb04bc2 sp=0x000000bdbb5fc810 mode 1
Event: 1100.689 Thread 0x000001caebbc1fb0 DEOPT UNPACKING pc=0x000001ca8fb04bc2 sp=0x000000bdbbcfcf18 mode 1
Event: 1100.689 Thread 0x000001cae8b21530 DEOPT UNPACKING pc=0x000001ca8fb04bc2 sp=0x000000bdbcefca88 mode 1
Event: 1100.689 Thread 0x000001cae6755780 DEOPT PACKING pc=0x000001ca89b24ad4 sp=0x000000bdbb5fd440
Event: 1100.689 Thread 0x000001cae8b21530 DEOPT PACKING pc=0x000001ca8978176c sp=0x000000bdbcefd650
Event: 1100.689 Thread 0x000001cae6755780 DEOPT UNPACKING pc=0x000001ca8fb04bc2 sp=0x000000bdbb5fc8e8 mode 1
Event: 1100.689 Thread 0x000001cae8b21530 DEOPT UNPACKING pc=0x000001ca8fb04bc2 sp=0x000000bdbcefcab0 mode 1
Event: 1100.689 Thread 0x000001cae6755780 DEOPT PACKING pc=0x000001ca89b2425c sp=0x000000bdbb5fd4b0
Event: 1100.689 Thread 0x000001cae8b21530 DEOPT PACKING pc=0x000001ca89b24ad4 sp=0x000000bdbcefd6e0
Event: 1100.689 Thread 0x000001cae6755780 DEOPT UNPACKING pc=0x000001ca8fb04bc2 sp=0x000000bdbb5fc968 mode 1
Event: 1100.689 Thread 0x000001cae8b21530 DEOPT UNPACKING pc=0x000001ca8fb04bc2 sp=0x000000bdbcefcb88 mode 1
Event: 1100.689 Thread 0x000001cae8b21530 DEOPT PACKING pc=0x000001ca89b2425c sp=0x000000bdbcefd750
Event: 1100.689 Thread 0x000001cae8b21530 DEOPT UNPACKING pc=0x000001ca8fb04bc2 sp=0x000000bdbcefcc08 mode 1

Classes loaded (20 events):
Event: 893.518 Loading class io/jsonwebtoken/impl/ParameterMap$KeySet
Event: 893.518 Loading class io/jsonwebtoken/impl/ParameterMap$KeySet done
Event: 893.519 Loading class io/jsonwebtoken/impl/ParameterMap$KeyIterator
Event: 893.519 Loading class io/jsonwebtoken/impl/ParameterMap$KeyIterator done
Event: 893.519 Loading class io/jsonwebtoken/Jws$1
Event: 893.519 Loading class io/jsonwebtoken/Jws$1 done
Event: 893.519 Loading class io/jsonwebtoken/SupportedJwtVisitor
Event: 893.519 Loading class io/jsonwebtoken/SupportedJwtVisitor done
Event: 893.520 Loading class io/jsonwebtoken/Jws$2
Event: 893.520 Loading class io/jsonwebtoken/Jws$2 done
Event: 893.524 Loading class org/springframework/http/server/reactive/DefaultServerHttpRequestBuilder
Event: 893.524 Loading class org/springframework/http/server/reactive/DefaultServerHttpRequestBuilder done
Event: 893.525 Loading class org/springframework/http/server/reactive/DefaultServerHttpRequestBuilder$MutatedServerHttpRequest
Event: 893.525 Loading class org/springframework/http/server/reactive/DefaultServerHttpRequestBuilder$MutatedServerHttpRequest done
Event: 893.526 Loading class org/springframework/web/server/DefaultServerWebExchangeBuilder
Event: 893.526 Loading class org/springframework/web/server/DefaultServerWebExchangeBuilder done
Event: 893.527 Loading class org/springframework/web/server/DefaultServerWebExchangeBuilder$MutativeDecorator
Event: 893.527 Loading class org/springframework/web/server/DefaultServerWebExchangeBuilder$MutativeDecorator done
Event: 893.527 Loading class org/springframework/web/server/ServerWebExchangeDecorator
Event: 893.527 Loading class org/springframework/web/server/ServerWebExchangeDecorator done

Classes unloaded (0 events):
No events

Classes redefined (1 events):
Event: 0.259 Thread 0x000001ca99eac840 redefined class name=java.lang.Throwable, count=1

Internal exceptions (20 events):
Event: 8.853 Thread 0x000001caebbc3360 Exception <a 'java/lang/NoSuchMethodError'{0x0000000726e347e8}: 'void java.lang.invoke.DirectMethodHandle$Holder.invokeSpecialIFC(java.lang.Object, java.lang.Object, java.lang.Object, java.lang.Object)'> (0x0000000726e347e8) 
thrown [s\src\hotspot\share\interpreter\linkResolver.cpp, line 773]
Event: 33.650 Thread 0x000001cae8b1c670 Exception <a 'java/lang/NoSuchMethodError'{0x0000000726cb09e0}: 'java.lang.Object java.lang.invoke.DirectMethodHandle$Holder.invokeStatic(java.lang.Object, int, int)'> (0x0000000726cb09e0) 
thrown [s\src\hotspot\share\interpreter\linkResolver.cpp, line 773]
Event: 33.715 Thread 0x000001ca9a4f1380 Exception <a 'java/lang/NoSuchMethodError'{0x000000073003d438}: 'long java.lang.invoke.DirectMethodHandle$Holder.invokeStatic(java.lang.Object, java.lang.Object, java.lang.Object)'> (0x000000073003d438) 
thrown [s\src\hotspot\share\interpreter\linkResolver.cpp, line 773]
Event: 33.907 Thread 0x000001cae8b22f70 Exception <a 'java/lang/NoSuchMethodError'{0x00000007290256f8}: 'java.lang.Object java.lang.invoke.Invokers$Holder.invoke_MT(java.lang.Object, java.lang.Object, java.lang.Object, java.lang.Object, java.lang.Object)'> (0x00000007290256f8) 
thrown [s\src\hotspot\share\interpreter\linkResolver.cpp, line 773]
Event: 34.009 Thread 0x000001cae8b22f70 Exception <a 'java/lang/NoSuchMethodError'{0x0000000728f19538}: 'void java.lang.invoke.DirectMethodHandle$Holder.invokeSpecial(java.lang.Object, java.lang.Object, java.lang.Object, java.lang.Object, java.lang.Object, java.lang.Object, java.lang.Object, java.lang.Object)'> (0x0000000728f19538) 
thrown [s\src\hotspot\share\interpreter\linkResolver.cpp, line 773]
Event: 34.072 Thread 0x000001caebbc2640 Exception <a 'java/lang/NoSuchMethodError'{0x0000000728bc96d8}: 'java.lang.Object java.lang.invoke.DirectMethodHandle$Holder.newInvokeSpecial(java.lang.Object, java.lang.Object, java.lang.Object, int)'> (0x0000000728bc96d8) 
thrown [s\src\hotspot\share\interpreter\linkResolver.cpp, line 773]
Event: 34.072 Thread 0x000001caebbc2640 Exception <a 'java/lang/NoSuchMethodError'{0x0000000728bcdb40}: 'java.lang.Object java.lang.invoke.DirectMethodHandle$Holder.invokeSpecial(java.lang.Object, java.lang.Object, java.lang.Object, java.lang.Object, int)'> (0x0000000728bcdb40) 
thrown [s\src\hotspot\share\interpreter\linkResolver.cpp, line 773]
Event: 34.073 Thread 0x000001caebbc2640 Exception <a 'java/lang/NoSuchMethodError'{0x0000000728bd15b0}: 'java.lang.Object java.lang.invoke.Invokers$Holder.linkToTargetMethod(java.lang.Object, java.lang.Object, int, java.lang.Object)'> (0x0000000728bd15b0) 
thrown [s\src\hotspot\share\interpreter\linkResolver.cpp, line 773]
Event: 34.114 Thread 0x000001caebbc2640 Exception <a 'java/io/FileNotFoundException'{0x000000072866fa58}> (0x000000072866fa58) 
thrown [s\src\hotspot\share\prims\jni.cpp, line 520]
Event: 34.131 Thread 0x000001caebbc2640 Exception <a 'sun/nio/fs/WindowsException'{0x00000007286e9dc0}> (0x00000007286e9dc0) 
thrown [s\src\hotspot\share\prims\jni.cpp, line 520]
Event: 34.178 Thread 0x000001caebbc2640 Exception <a 'java/lang/NoSuchMethodError'{0x000000072842d500}: 'java.lang.Object java.lang.invoke.DirectMethodHandle$Holder.newInvokeSpecial(java.lang.Object, java.lang.Object, long, java.lang.Object)'> (0x000000072842d500) 
thrown [s\src\hotspot\share\interpreter\linkResolver.cpp, line 773]
Event: 34.216 Thread 0x000001cae87c1fe0 Exception <a 'java/lang/NoSuchMethodError'{0x000000072859c450}: 'java.lang.Object java.lang.invoke.DirectMethodHandle$Holder.invokeStatic(java.lang.Object, java.lang.Object, java.lang.Object, int, java.lang.Object, java.lang.Object)'> (0x000000072859c450) 
thrown [s\src\hotspot\share\interpreter\linkResolver.cpp, line 773]
Event: 34.731 Thread 0x000001cae87c1fe0 Exception <a 'java/lang/NoSuchMethodError'{0x00000007282a4b80}: 'void java.lang.invoke.DirectMethodHandle$Holder.invokeStaticInit(java.lang.Object)'> (0x00000007282a4b80) 
thrown [s\src\hotspot\share\interpreter\linkResolver.cpp, line 773]
Event: 34.737 Thread 0x000001cae8b22f70 Exception <a 'java/lang/NoSuchMethodError'{0x00000007282eb218}: 'void java.lang.invoke.DirectMethodHandle$Holder.invokeSpecial(java.lang.Object, java.lang.Object, long)'> (0x00000007282eb218) 
thrown [s\src\hotspot\share\interpreter\linkResolver.cpp, line 773]
Event: 34.738 Thread 0x000001cae8b22f70 Exception <a 'java/lang/NoSuchMethodError'{0x00000007282f0988}: 'java.lang.Object java.lang.invoke.DirectMethodHandle$Holder.newInvokeSpecial(java.lang.Object, java.lang.Object, long)'> (0x00000007282f0988) 
thrown [s\src\hotspot\share\interpreter\linkResolver.cpp, line 773]
Event: 68.949 Thread 0x000001caebbc4080 Implicit null exception at 0x000001ca90386a52 to 0x000001ca9038763c
Event: 78.974 Thread 0x000001cae8b1f460 Implicit null exception at 0x000001ca9038882e to 0x000001ca90388b68
Event: 124.804 Thread 0x000001cae6755e10 Implicit null exception at 0x000001ca90407b84 to 0x000001ca904081a8
Event: 124.804 Thread 0x000001caebbc3360 Implicit null exception at 0x000001ca90407b84 to 0x000001ca904081a8
Event: 124.804 Thread 0x000001caebbc2cd0 Implicit null exception at 0x000001ca90407b84 to 0x000001ca904081a8

ZGC Phase Switch (0 events):
No events

VM Operations (20 events):
Event: 1013.386 Executing safepoint VM operation: Cleanup
Event: 1013.386 Executing safepoint VM operation: Cleanup done
Event: 1014.398 Executing safepoint VM operation: Cleanup
Event: 1014.398 Executing safepoint VM operation: Cleanup done
Event: 1021.471 Executing safepoint VM operation: Cleanup
Event: 1021.471 Executing safepoint VM operation: Cleanup done
Event: 1050.771 Executing safepoint VM operation: Cleanup
Event: 1050.771 Executing safepoint VM operation: Cleanup done
Event: 1060.870 Executing safepoint VM operation: Cleanup
Event: 1060.870 Executing safepoint VM operation: Cleanup done
Event: 1070.965 Executing safepoint VM operation: Cleanup
Event: 1070.965 Executing safepoint VM operation: Cleanup done
Event: 1074.993 Executing safepoint VM operation: Cleanup
Event: 1074.993 Executing safepoint VM operation: Cleanup done
Event: 1081.061 Executing safepoint VM operation: Cleanup
Event: 1081.061 Executing safepoint VM operation: Cleanup done
Event: 1091.156 Executing safepoint VM operation: Cleanup
Event: 1091.156 Executing safepoint VM operation: Cleanup done
Event: 1101.265 Executing safepoint VM operation: Cleanup
Event: 1101.265 Executing safepoint VM operation: Cleanup done

Memory protections (0 events):
No events

Nmethod flushes (20 events):
Event: 33.711 Thread 0x000001ca99eac840 flushing  nmethod 0x000001ca88b89790
Event: 33.711 Thread 0x000001ca99eac840 flushing  nmethod 0x000001ca88c49b90
Event: 33.711 Thread 0x000001ca99eac840 flushing  nmethod 0x000001ca88c4a310
Event: 33.711 Thread 0x000001ca99eac840 flushing  nmethod 0x000001ca88c6b890
Event: 33.711 Thread 0x000001ca99eac840 flushing  nmethod 0x000001ca88c6d010
Event: 33.711 Thread 0x000001ca99eac840 flushing  nmethod 0x000001ca88c6f190
Event: 33.711 Thread 0x000001ca99eac840 flushing  nmethod 0x000001ca88c70910
Event: 33.711 Thread 0x000001ca99eac840 flushing  nmethod 0x000001ca88c72990
Event: 33.711 Thread 0x000001ca99eac840 flushing  nmethod 0x000001ca88cb1710
Event: 33.711 Thread 0x000001ca99eac840 flushing  nmethod 0x000001ca88cc4790
Event: 33.711 Thread 0x000001ca99eac840 flushing  nmethod 0x000001ca88d53810
Event: 33.711 Thread 0x000001ca99eac840 flushing  nmethod 0x000001ca88d84710
Event: 33.711 Thread 0x000001ca99eac840 flushing  nmethod 0x000001ca88e00e10
Event: 33.711 Thread 0x000001ca99eac840 flushing  nmethod 0x000001ca88e66510
Event: 33.711 Thread 0x000001ca99eac840 flushing  nmethod 0x000001ca88e90b10
Event: 33.711 Thread 0x000001ca99eac840 flushing  nmethod 0x000001ca88e94810
Event: 33.711 Thread 0x000001ca99eac840 flushing  nmethod 0x000001ca88ec8210
Event: 33.711 Thread 0x000001ca99eac840 flushing  nmethod 0x000001ca88f0ac10
Event: 33.711 Thread 0x000001ca99eac840 flushing  nmethod 0x000001ca88f17990
Event: 33.711 Thread 0x000001ca99eac840 flushing  nmethod 0x000001ca88f1b510

Events (20 events):
Event: 322.581 Thread 0x000001cae5086760 Thread exited: 0x000001cae5086760
Event: 322.581 Thread 0x000001cae50830e0 Thread exited: 0x000001cae50830e0
Event: 322.582 Thread 0x000001cae5082a10 Thread exited: 0x000001cae5082a10
Event: 329.401 Thread 0x000001ca99ee1db0 Thread added: 0x000001cae5082a10
Event: 334.342 Thread 0x000001cae5082a10 Thread exited: 0x000001cae5082a10
Event: 364.819 Thread 0x000001cae87bff10 Thread added: 0x000001cae87c6810
Event: 394.149 Thread 0x000001cae87bff10 Thread added: 0x000001cae87ca320
Event: 449.587 Thread 0x000001ca99ee1db0 Thread added: 0x000001cae5082a10
Event: 464.609 Thread 0x000001cae5082a10 Thread exited: 0x000001cae5082a10
Event: 639.931 Thread 0x000001ca99ee1db0 Thread added: 0x000001cae5087bd0
Event: 646.890 Thread 0x000001cae5087bd0 Thread exited: 0x000001cae5087bd0
Event: 893.530 Thread 0x000001cae8b22f70 Thread added: 0x000001cae87c8f70
Event: 903.719 Thread 0x000001cae8b22f70 Thread added: 0x000001cae87c9600
Event: 908.892 Thread 0x000001ca99ee1db0 Thread added: 0x000001cae5087500
Event: 915.373 Thread 0x000001cae5087500 Thread exited: 0x000001cae5087500
Event: 956.641 Thread 0x000001cae8b22f70 Thread added: 0x000001cae87cb6d0
Event: 960.456 Thread 0x000001ca99ee1db0 Thread added: 0x000001cae5087500
Event: 965.486 Thread 0x000001cae5087500 Thread exited: 0x000001cae5087500
Event: 1070.629 Thread 0x000001ca99ee1db0 Thread added: 0x000001cae5087500
Event: 1071.214 Thread 0x000001cae5087500 Thread exited: 0x000001cae5087500


Dynamic libraries:
0x00007ff753b60000 - 0x00007ff753b6e000 	C:\Users\datdo\.jdks\ms-21.0.10\bin\java.exe
0x00007fff62200000 - 0x00007fff62467000 	C:\WINDOWS\SYSTEM32\ntdll.dll
0x00007fff60a60000 - 0x00007fff60b29000 	C:\WINDOWS\System32\KERNEL32.DLL
0x00007fff5f750000 - 0x00007fff5fb41000 	C:\WINDOWS\System32\KERNELBASE.dll
0x00007fff5eae0000 - 0x00007fff5ec2b000 	C:\WINDOWS\System32\ucrtbase.dll
0x00007fff526e0000 - 0x00007fff526fe000 	C:\Users\datdo\.jdks\ms-21.0.10\bin\VCRUNTIME140.dll
0x00007fff527f0000 - 0x00007fff52808000 	C:\Users\datdo\.jdks\ms-21.0.10\bin\jli.dll
0x00007fff61ff0000 - 0x00007fff621b5000 	C:\WINDOWS\System32\USER32.dll
0x00007fff413e0000 - 0x00007fff41673000 	C:\WINDOWS\WinSxS\amd64_microsoft.windows.common-controls_6595b64144ccf1df_6.0.26100.8037_none_3e092faae333b53b\COMCTL32.dll
0x00007fff5fe40000 - 0x00007fff5fe67000 	C:\WINDOWS\System32\win32u.dll
0x00007fff61690000 - 0x00007fff616bb000 	C:\WINDOWS\System32\GDI32.dll
0x00007fff600a0000 - 0x00007fff60149000 	C:\WINDOWS\System32\msvcrt.dll
0x00007fff5fe70000 - 0x00007fff5ff9b000 	C:\WINDOWS\System32\gdi32full.dll
0x00007fff5f610000 - 0x00007fff5f6b3000 	C:\WINDOWS\System32\msvcp_win.dll
0x00007fff60910000 - 0x00007fff60941000 	C:\WINDOWS\System32\IMM32.DLL
0x00007fff527e0000 - 0x00007fff527ec000 	C:\Users\datdo\.jdks\ms-21.0.10\bin\vcruntime140_1.dll
0x00007fff00c10000 - 0x00007fff00c99000 	C:\Users\datdo\.jdks\ms-21.0.10\bin\msvcp140.dll
0x00007ffe773f0000 - 0x00007ffe7819d000 	C:\Users\datdo\.jdks\ms-21.0.10\bin\server\jvm.dll
0x00007fff61c10000 - 0x00007fff61ccb000 	C:\WINDOWS\System32\ADVAPI32.dll
0x00007fff61ce0000 - 0x00007fff61d87000 	C:\WINDOWS\System32\sechost.dll
0x00007fff60bb0000 - 0x00007fff60cc8000 	C:\WINDOWS\System32\RPCRT4.dll
0x00007fff60b30000 - 0x00007fff60ba4000 	C:\WINDOWS\System32\WS2_32.dll
0x00007fff5e960000 - 0x00007fff5e9be000 	C:\WINDOWS\SYSTEM32\POWRPROF.dll
0x00007fff56f70000 - 0x00007fff56f7b000 	C:\WINDOWS\SYSTEM32\VERSION.dll
0x00007fff56d40000 - 0x00007fff56d75000 	C:\WINDOWS\SYSTEM32\WINMM.dll
0x00007fff5e940000 - 0x00007fff5e954000 	C:\WINDOWS\SYSTEM32\UMPDC.dll
0x00007fff5d840000 - 0x00007fff5d85b000 	C:\WINDOWS\SYSTEM32\kernel.appcore.dll
0x00007fff526d0000 - 0x00007fff526da000 	C:\Users\datdo\.jdks\ms-21.0.10\bin\jimage.dll
0x00007fff47220000 - 0x00007fff47462000 	C:\WINDOWS\SYSTEM32\DBGHELP.DLL
0x00007fff60150000 - 0x00007fff604d2000 	C:\WINDOWS\System32\combase.dll
0x00007fff60800000 - 0x00007fff608d7000 	C:\WINDOWS\System32\OLEAUT32.dll
0x00007fff32250000 - 0x00007fff3228b000 	C:\WINDOWS\SYSTEM32\dbgcore.DLL
0x00007fff5f4a0000 - 0x00007fff5f545000 	C:\WINDOWS\System32\bcryptPrimitives.dll
0x00007fff0dd40000 - 0x00007fff0dd7c000 	C:\Users\datdo\.jdks\ms-21.0.10\bin\jdwp.dll
0x00007fff5c250000 - 0x00007fff5c260000 	C:\Users\datdo\.jdks\ms-21.0.10\bin\instrument.dll
0x00007fff4dfa0000 - 0x00007fff4dfc1000 	C:\Users\datdo\.jdks\ms-21.0.10\bin\java.dll
0x00007fff386b0000 - 0x00007fff386c8000 	C:\Users\datdo\.jdks\ms-21.0.10\bin\zip.dll
0x00007fff60d60000 - 0x00007fff614bf000 	C:\WINDOWS\System32\SHELL32.dll
0x00007fff5fb50000 - 0x00007fff5fcba000 	C:\WINDOWS\System32\wintypes.dll
0x00007fff5ec30000 - 0x00007fff5f494000 	C:\WINDOWS\System32\windows.storage.dll
0x00007fff60680000 - 0x00007fff60777000 	C:\WINDOWS\System32\SHCORE.dll
0x00007fff61f80000 - 0x00007fff61fe7000 	C:\WINDOWS\System32\shlwapi.dll
0x00007fff5ea00000 - 0x00007fff5ea29000 	C:\WINDOWS\SYSTEM32\profapi.dll
0x00007ffee18a0000 - 0x00007ffee1976000 	C:\Users\datdo\.jdks\ms-21.0.10\bin\jsvml.dll
0x00007fff526c0000 - 0x00007fff526cc000 	C:\Users\datdo\.jdks\ms-21.0.10\bin\dt_socket.dll
0x00007fff5d220000 - 0x00007fff5d253000 	C:\WINDOWS\SYSTEM32\IPHLPAPI.DLL
0x00007fff5de30000 - 0x00007fff5de9b000 	C:\WINDOWS\system32\mswsock.dll
0x00007fff4fed0000 - 0x00007fff4fee1000 	C:\Users\datdo\.jdks\ms-21.0.10\bin\net.dll
0x00007fff56b50000 - 0x00007fff56c77000 	C:\WINDOWS\SYSTEM32\WINHTTP.dll
0x00007fff4fad0000 - 0x00007fff4fae6000 	C:\Users\datdo\.jdks\ms-21.0.10\bin\nio.dll
0x00007fff4cc70000 - 0x00007fff4cc80000 	C:\Users\datdo\.jdks\ms-21.0.10\bin\verify.dll
0x00007fff4dae0000 - 0x00007fff4daea000 	C:\Users\datdo\.jdks\ms-21.0.10\bin\management.dll
0x00007fff4d6d0000 - 0x00007fff4d6dc000 	C:\Users\datdo\.jdks\ms-21.0.10\bin\management_ext.dll
0x00007fff61cd0000 - 0x00007fff61cd8000 	C:\WINDOWS\System32\PSAPI.DLL
0x00007fff61f70000 - 0x00007fff61f7a000 	C:\WINDOWS\System32\NSI.dll
0x00007fff5d260000 - 0x00007fff5d38a000 	C:\WINDOWS\SYSTEM32\DNSAPI.dll
0x00007fff584d0000 - 0x00007fff584db000 	C:\Windows\System32\rasadhlp.dll
0x00007fff545a0000 - 0x00007fff54626000 	C:\WINDOWS\System32\fwpuclnt.dll
0x00007fff5e130000 - 0x00007fff5e14b000 	C:\WINDOWS\SYSTEM32\CRYPTSP.dll
0x00007fff5d7a0000 - 0x00007fff5d7d9000 	C:\WINDOWS\system32\rsaenh.dll
0x00007fff5dee0000 - 0x00007fff5df12000 	C:\WINDOWS\SYSTEM32\USERENV.dll
0x00007fff5e9d0000 - 0x00007fff5e9fa000 	C:\WINDOWS\SYSTEM32\bcrypt.dll
0x00007fff5e150000 - 0x00007fff5e15c000 	C:\WINDOWS\SYSTEM32\CRYPTBASE.dll
0x00007fff4df90000 - 0x00007fff4df99000 	C:\Users\datdo\.jdks\ms-21.0.10\bin\extnet.dll
0x00007fff52690000 - 0x00007fff5269e000 	C:\Users\datdo\.jdks\ms-21.0.10\bin\sunmscapi.dll
0x00007fff5fcc0000 - 0x00007fff5fe37000 	C:\WINDOWS\System32\CRYPT32.dll
0x00007fff5e350000 - 0x00007fff5e380000 	C:\WINDOWS\SYSTEM32\ncrypt.dll
0x00007fff5e300000 - 0x00007fff5e33f000 	C:\WINDOWS\SYSTEM32\NTASN1.dll
0x00007fff2d0d0000 - 0x00007fff2d0d8000 	C:\WINDOWS\system32\wshunix.dll
0x00007fff33880000 - 0x00007fff33898000 	C:\WINDOWS\system32\napinsp.dll
0x00007fff33860000 - 0x00007fff33872000 	C:\WINDOWS\System32\winrnr.dll
0x00007fff33800000 - 0x00007fff33822000 	C:\WINDOWS\system32\nlansp_c.dll
0x00007fff56f50000 - 0x00007fff56f66000 	C:\WINDOWS\system32\wshbth.dll
0x00007fff56b30000 - 0x00007fff56b4d000 	C:\WINDOWS\SYSTEM32\dhcpcsvc6.DLL
0x00007fff56b00000 - 0x00007fff56b23000 	C:\WINDOWS\SYSTEM32\dhcpcsvc.DLL

JVMTI agents:
jdwp path:C:\Users\datdo\.jdks\ms-21.0.10\bin\jdwp.dll, loaded, initialized, options:transport=dt_socket,address=127.0.0.1:54361,suspend=y,server=n
C:\Users\datdo\AppData\Local\JetBrains\IntelliJIdea2025.3\captureAgent\debugger-agent.jar path:C:\Users\datdo\.jdks\ms-21.0.10\bin\instrument.dll, loaded, initialized, instrumentlib options:file:///C:/Users/datdo/AppData/Local/Temp/capture12376561944825392545.props

dbghelp: loaded successfully - version: 4.0.5 - missing functions: none
symbol engine: initialized successfully - sym options: 0x614 - pdb path: .;C:\Users\datdo\.jdks\ms-21.0.10\bin;C:\WINDOWS\SYSTEM32;C:\WINDOWS\WinSxS\amd64_microsoft.windows.common-controls_6595b64144ccf1df_6.0.26100.8037_none_3e092faae333b53b;C:\Users\datdo\.jdks\ms-21.0.10\bin\server

VM Arguments:
jvm_args: -agentlib:jdwp=transport=dt_socket,address=127.0.0.1:54361,suspend=y,server=n -javaagent:C:\Users\datdo\AppData\Local\JetBrains\IntelliJIdea2025.3\captureAgent\debugger-agent.jar=file:///C:/Users/datdo/AppData/Local/Temp/capture12376561944825392545.props -Dkotlinx.coroutines.debug.enable.creation.stack.trace=false -Ddebugger.agent.enable.coroutines=true -Dkotlinx.coroutines.debug.enable.flows.stack.trace=true -Dkotlinx.coroutines.debug.enable.mutable.state.flows.stack.trace=true -Ddebugger.async.stack.trace.for.all.threads=true -Dfile.encoding=UTF-8 -Dsun.stdout.encoding=UTF-8 -Dsun.stderr.encoding=UTF-8 
java_command: com.example.api_gateway.ApiGatewayApplication
java_class_path (initial): C:\Users\datdo\Desktop\Mini E-commerce Orders\api-gateway\target\classes;C:\Users\datdo\.m2\repository\com\example\lib\my-library\1.0.0\my-library-1.0.0.jar;C:\Users\datdo\.m2\repository\org\springframework\cloud\spring-cloud-starter-gateway\4.1.2\spring-cloud-starter-gateway-4.1.2.jar;C:\Users\datdo\.m2\repository\org\springframework\cloud\spring-cloud-starter\4.1.2\spring-cloud-starter-4.1.2.jar;C:\Users\datdo\.m2\repository\org\springframework\cloud\spring-cloud-context\4.1.2\spring-cloud-context-4.1.2.jar;C:\Users\datdo\.m2\repository\org\springframework\security\spring-security-crypto\6.2.3\spring-security-crypto-6.2.3.jar;C:\Users\datdo\.m2\repository\org\springframework\cloud\spring-cloud-commons\4.1.2\spring-cloud-commons-4.1.2.jar;C:\Users\datdo\.m2\repository\org\springframework\security\spring-security-rsa\1.1.2\spring-security-rsa-1.1.2.jar;C:\Users\datdo\.m2\repository\org\bouncycastle\bcprov-jdk18on\1.77\bcprov-jdk18on-1.77.jar;C:\Users\datdo\.m2\repository\org\springframework\cloud\spring-cloud-gateway-server\4.1.2\spring-cloud-gateway-server-4.1.2.jar;C:\Users\datdo\.m2\repository\org\springframework\boot\spring-boot-starter-validation\3.2.4\spring-boot-starter-validation-3.2.4.jar;C:\Users\datdo\.m2\repository\org\apache\tomcat\embed\tomcat-embed-el\10.1.19\tomcat-embed-el-10.1.19.jar;C:\Users\datdo\.m2\repository\org\hibernate\validator\hibernate-validator\8.0.1.Final\hibernate-validator-8.0.1.Final.jar;C:\Users\datdo\.m2\repository\jakarta\validation\jakarta.validation-api\3.0.2\jakarta.validation-api-3.0.2.jar;C:\Users\datdo\.m2\repository\org\jboss\logging\jboss-logging\3.5.3.Final\jboss-logging-3.5.3.Final.jar;C:\Users\datdo\.m2\repository\com\fasterxml\classmate\1.6.0\classmate-1.6.0.jar;C:\Users\datdo\.m2\repository\io\projectreactor\addons\reactor-extra\3.5.1\reactor-extra-3.5.1.jar;C:\Users\datdo\.m2\repository\io\projectreactor\reactor-core\3.6.4\reactor-core-3.6.4.jar;C:\Users\datdo\.m2\repository\org\reactivestreams\reactive-streams\1.0.4\reactive-streams-1.0.4.jar;C:\Users\datdo\.m2\repository\org\springframework\boot\spring-boot-starter-webflux\3.2.4\spring-boot-starter-webflux-3.2.4.jar;C:\Users\datdo\.m2\repository\org\springframework\boot\spring-boot-starter-json\3.2.4\spring-boot-starter-json-3.2.4.jar;C:\Users\datdo\.m2\repository\com\fasterxml\jackson\datatype\jackson-datatype-jdk8\2.15.4\jackson-datatype-jdk8-2.15.4.jar;C:\Users\datdo\.m2\repository\com\fasterxml\jackson\module\jackson-module-parameter-names\2.15.4\jackson-module-parameter-names-2.15.4.jar;C:\Users\datdo\.m2\repository\org\springframework\boot\spring-boot-starter-reactor-netty\3.2.4\spring-boot-starter-reactor-netty-3.2.4.jar;C:\Users\datdo\.m2\repository\io\projectreactor\netty\reactor-netty-http\1.1.17\reactor-netty-http-1.1.17.jar;C:\Users\datdo\.m2\repository\io\netty\netty-codec-http\4.1.107.Final\netty-codec-http-4.1.107.Final.jar;C:\Users\datdo\.m2\repository\io\netty\netty-common\4.1.107.Final\netty-common-4.1.107.Final.jar;C:\Users\datdo\.m2\repository\io\netty\netty-buffer\4.1.107.Final\netty-buffer-4.1.107.Final.jar;C:\Users\datdo\.m2\repository\io\netty\netty-transport\4.1.107.Final\netty-transport-4.1.107.Final.jar;C:\Users\datdo\.m2\repository\io\netty\netty-codec\4.1.107.Final\netty-codec-4.1.107.Final.jar;C:\Users\datdo\.m2\repository\io\netty\netty-handler\4.1.107.Final\netty-handler-4.1.107.Final.jar;C:\Users\datdo\.m2\repository\io\netty\netty-codec-http2\4.1.107.Final\netty-codec-http2-4.1.107.Final.jar;C:\Users\datdo\.m2\repository\io\netty\netty-resolver-dns\4.1.107.Final\netty-resolver-dns-4.1.107.Final.jar;C:\Users\datdo\.m2\repository\io\netty\netty-resolver\4.1.107.Final\netty-resolver-4.1.107.Final.jar;C:\Users\datdo\.m2\repository\io\netty\netty-codec-dns\4.1.107.Final\netty-codec-dns-4.1.107.Final.jar;C:\Users\datdo\.m2\repository\io\netty\netty-resolver-dns-native-macos\4.1.107.Final\netty-resolver-dns-native-macos-4.1.107.Final-osx-x86_64.jar;C:\Users\datdo\.m2\repository\io\netty\netty-resolver-dns-classes-macos\4.1.107.Final\netty-resolver-dns-classes-macos-4.1.107.Final.jar;C:\Users\datdo\.m2\repository\io\netty\netty-transport-native-epoll\4.1.107.Final\netty-transport-native-epoll-4.1.107.Final-linux-x86_64.jar;C:\Users\datdo\.m2\repository\io\netty\netty-transport-native-unix-common\4.1.107.Final\netty-transport-native-unix-common-4.1.107.Final.jar;C:\Users\datdo\.m2\repository\io\netty\netty-transport-classes-epoll\4.1.107.Final\netty-transport-classes-epoll-4.1.107.Final.jar;C:\Users\datdo\.m2\repository\io\projectreactor\netty\reactor-netty-core\1.1.17\reactor-netty-core-1.1.17.jar;C:\Users\datdo\.m2\repository\io\netty\netty-handler-proxy\4.1.107.Final\netty-handler-proxy-4.1.107.Final.jar;C:\Users\datdo\.m2\repository\io\netty\netty-codec-socks\4.1.107.Final\netty-codec-socks-4.1.107.Final.jar;C:\Users\datdo\.m2\repository\org\springframework\spring-web\6.1.5\spring-web-6.1.5.jar;C:\Users\datdo\.m2\repository\org\springframework\spring-beans\6.1.5\spring-beans-6.1.5.jar;C:\Users\datdo\.m2\repository\org\springframework\spring-webflux\6.1.5\spring-webflux-6.1.5.jar;C:\Users\datdo\.m2\repository\org\springframework\cloud\spring-cloud-starter-consul-discovery\4.1.1\spring-cloud-starter-consul-discovery-4.1.1.jar;C:\Users\datdo\.m2\repository\org\springframework\cloud\spring-cloud-starter-consul\4.1.1\spring-cloud-starter-consul-4.1.1.jar;C:\Users\datdo\.m2\repository\org\springframework\cloud\spring-cloud-consul-core\4.1.1\spring-cloud-consul-core-4.1.1.jar;C:\Users\datdo\.m2\repository\com\ecwid\consul\consul-api\1.4.5\consul-api-1.4.5.jar;C:\Users\datdo\.m2\repository\com\google\code\gson\gson\2.10.1\gson-2.10.1.jar;C:\Users\datdo\.m2\repository\org\apache\httpcomponents\httpclient\4.5.14\httpclient-4.5.14.jar;C:\Users\datdo\.m2\repository\commons-logging\commons-logging\1.2\commons-logging-1.2.jar;C:\Users\datdo\.m2\repository\commons-codec\commons-codec\1.16.1\commons-codec-1.16.1.jar;C:\Users\datdo\.m2\repository\org\apache\httpcomponents\httpcore\4.4.16\httpcore-4.4.16.jar;C:\Users\datdo\.m2\repository\org\springframework\cloud\spring-cloud-consul-discovery\4.1.1\spring-cloud-consul-discovery-4.1.1.jar;C:\Users\datdo\.m2\repository\org\springframework\cloud\spring-cloud-starter-loadbalancer\4.1.2\spring-cloud-starter-loadbalancer-4.1.2.jar;C:\Users\datdo\.m2\repository\org\springframework\cloud\spring-cloud-loadbalancer\4.1.2\spring-cloud-loadbalancer-4.1.2.jar;C:\Users\datdo\.m2\repository\org\springframework\boot\spring-boot-starter-cache\3.2.4\spring-boot-starter-cache-3.2.4.jar;C:\Users\datdo\.m2\repository\org\springframework\spring-context-support\6.1.5\spring-context-support-6.1.5.jar;C:\Users\datdo\.m2\repository\com\stoyanr\evictor\1.0.0\evictor-1.0.0.jar;C:\Users\datdo\.m2\repository\org\springframework\boot\spring-boot-starter-actuator\3.2.4\spring-boot-starter-actuator-3.2.4.jar;C:\Users\datdo\.m2\repository\org\springframework\boot\spring-boot-starter\3.2.4\spring-boot-starter-3.2.4.jar;C:\Users\datdo\.m2\repository\org\springframework\boot\spring-boot-starter-logging\3.2.4\spring-boot-starter-logging-3.2.4.jar;C:\Users\datdo\.m2\repository\ch\qos\logback\logback-classic\1.4.14\logback-classic-1.4.14.jar;C:\Users\datdo\.m2\repository\ch\qos\logback\logback-core\1.4.14\logback-core-1.4.14.jar;C:\Users\datdo\.m2\repository\org\apache\logging\log4j\log4j-to-slf4j\2.21.1\log4j-to-slf4j-2.21.1.jar;C:\Users\datdo\.m2\repository\org\apache\logging\log4j\log4j-api\2.21.1\log4j-api-2.21.1.jar;C:\Users\datdo\.m2\repository\org\slf4j\jul-to-slf4j\2.0.12\jul-to-slf4j-2.0.12.jar;C:\Users\datdo\.m2\repository\jakarta\annotation\jakarta.annotation-api\2.1.1\jakarta.annotation-api-2.1.1.jar;C:\Users\datdo\.m2\repository\org\yaml\snakeyaml\2.2\snakeyaml-2.2.jar;C:\Users\datdo\.m2\repository\org\springframework\boot\spring-boot-actuator-autoconfigure\3.2.4\spring-boot-actuator-autoconfigure-3.2.4.jar;C:\Users\datdo\.m2\repository\org\springframework\boot\spring-boot-actuator\3.2.4\spring-boot-actuator-3.2.4.jar;C:\Users\datdo\.m2\repository\com\fasterxml\jackson\datatype\jackson-datatype-jsr310\2.15.4\jackson-datatype-jsr310-2.15.4.jar;C:\Users\datdo\.m2\repository\io\micrometer\micrometer-observation\1.12.4\micrometer-observation-1.12.4.jar;C:\Users\datdo\.m2\repository\io\micrometer\micrometer-commons\1.12.4\micrometer-commons-1.12.4.jar;C:\Users\datdo\.m2\repository\io\micrometer\micrometer-jakarta9\1.12.4\micrometer-jakarta9-1.12.4.jar;C:\Users\datdo\.m2\repository\io\micrometer\micrometer-core\1.12.4\micrometer-core-1.12.4.jar;C:\Users\datdo\.m2\repository\org\hdrhistogram\HdrHistogram\2.1.12\HdrHistogram-2.1.12.jar;C:\Users\datdo\.m2\repository\org\latencyutils\LatencyUtils\2.0.3\LatencyUtils-2.0.3.jar;C:\Users\datdo\.m2\repository\org\springdoc\springdoc-openapi-starter-webflux-ui\2.5.0\springdoc-openapi-starter-webflux-ui-2.5.0.jar;C:\Users\datdo\.m2\repository\org\springdoc\springdoc-openapi-starter-webflux-api\2.5.0\springdoc-openapi-starter-webflux-api-2.5.0.jar;C:\Users\datdo\.m2\repository\org\springdoc\springdoc-openapi-starter-common\2.5.0\springdoc-openapi-starter-common-2.5.0.jar;C:\Users\datdo\.m2\repository\io\swagger\core\v3\swagger-core-jakarta\2.2.21\swagger-core-jakarta-2.2.21.jar;C:\Users\datdo\.m2\repository\org\apache\commons\commons-lang3\3.13.0\commons-lang3-3.13.0.jar;C:\Users\datdo\.m2\repository\io\swagger\core\v3\swagger-annotations-jakarta\2.2.21\swagger-annotations-jakarta-2.2.21.jar;C:\Users\datdo\.m2\repository\io\swagger\core\v3\swagger-models-jakarta\2.2.21\swagger-models-jakarta-2.2.21.jar;C:\Users\datdo\.m2\repository\com\fasterxml\jackson\dataformat\jackson-dataformat-yaml\2.15.4\jackson-dataformat-yaml-2.15.4.jar;C:\Users\datdo\.m2\repository\org\webjars\swagger-ui\5.13.0\swagger-ui-5.13.0.jar;C:\Users\datdo\.m2\repository\org\springframework\boot\spring-boot-devtools\3.2.4\spring-boot-devtools-3.2.4.jar;C:\Users\datdo\.m2\repository\org\springframework\boot\spring-boot\3.2.4\spring-boot-3.2.4.jar;C:\Users\datdo\.m2\repository\org\springframework\spring-context\6.1.5\spring-context-6.1.5.jar;C:\Users\datdo\.m2\repository\org\springframework\spring-aop\6.1.5\spring-aop-6.1.5.jar;C:\Users\datdo\.m2\repository\org\springframework\spring-expression\6.1.5\spring-expression-6.1.5.jar;C:\Users\datdo\.m2\repository\org\springframework\boot\spring-boot-autoconfigure\3.2.4\spring-boot-autoconfigure-3.2.4.jar;C:\Users\datdo\.m2\repository\org\projectlombok\lombok\1.18.38\lombok-1.18.38.jar;C:\Users\datdo\.m2\repository\io\jsonwebtoken\jjwt-api\0.12.5\jjwt-api-0.12.5.jar;C:\Users\datdo\.m2\repository\io\jsonwebtoken\jjwt-impl\0.12.5\jjwt-impl-0.12.5.jar;C:\Users\datdo\.m2\repository\io\jsonwebtoken\jjwt-jackson\0.12.5\jjwt-jackson-0.12.5.jar;C:\Users\datdo\.m2\repository\com\fasterxml\jackson\core\jackson-databind\2.15.4\jackson-databind-2.15.4.jar;C:\Users\datdo\.m2\repository\com\fasterxml\jackson\core\jackson-annotations\2.15.4\jackson-annotations-2.15.4.jar;C:\Users\datdo\.m2\repository\com\fasterxml\jackson\core\jackson-core\2.15.4\jackson-core-2.15.4.jar;C:\Users\datdo\.m2\repository\org\slf4j\slf4j-api\2.0.12\slf4j-api-2.0.12.jar;C:\Users\datdo\.m2\repository\jakarta\xml\bind\jakarta.xml.bind-api\4.0.2\jakarta.xml.bind-api-4.0.2.jar;C:\Users\datdo\.m2\repository\jakarta\activation\jakarta.activation-api\2.1.3\jakarta.activation-api-2.1.3.jar;C:\Users\datdo\.m2\repository\org\springframework\spring-core\6.1.5\spring-core-6.1.5.jar;C:\Users\datdo\.m2\repository\org\springframework\spring-jcl\6.1.5\spring-jcl-6.1.5.jar;C:\Program Files\JetBrains\IntelliJ IDEA 2025.3.1.1\lib\idea_rt.jar
Launcher Type: SUN_STANDARD

[Global flags]
     intx CICompilerCount                          = 12                                        {product} {ergonomic}
     uint ConcGCThreads                            = 3                                         {product} {ergonomic}
     uint G1ConcRefinementThreads                  = 13                                        {product} {ergonomic}
   size_t G1HeapRegionSize                         = 2097152                                   {product} {ergonomic}
    uintx GCDrainStackTargetSize                   = 64                                        {product} {ergonomic}
   size_t InitialHeapSize                          = 232783872                                 {product} {ergonomic}
   size_t MarkStackSize                            = 4194304                                   {product} {ergonomic}
   size_t MaxHeapSize                              = 3720347648                                {product} {ergonomic}
   size_t MaxNewSize                               = 2231369728                                {product} {ergonomic}
   size_t MinHeapDeltaBytes                        = 2097152                                   {product} {ergonomic}
   size_t MinHeapSize                              = 8388608                                   {product} {ergonomic}
    uintx NonNMethodCodeHeapSize                   = 7602480                                {pd product} {ergonomic}
    uintx NonProfiledCodeHeapSize                  = 122027880                              {pd product} {ergonomic}
    uintx ProfiledCodeHeapSize                     = 122027880                              {pd product} {ergonomic}
    uintx ReservedCodeCacheSize                    = 251658240                              {pd product} {ergonomic}
     bool SegmentedCodeCache                       = true                                      {product} {ergonomic}
   size_t SoftMaxHeapSize                          = 3720347648                             {manageable} {ergonomic}
     bool UseCompressedOops                        = true                           {product lp64_product} {ergonomic}
     bool UseG1GC                                  = true                                      {product} {ergonomic}
     bool UseLargePagesIndividualAllocation        = false                                  {pd product} {ergonomic}

Logging:
Log output configuration:
 #0: stdout all=warning uptime,level,tags foldmultilines=false
 #1: stderr all=off uptime,level,tags foldmultilines=false

Release file:
IMPLEMENTOR="Microsoft" 
IMPLEMENTOR_VERSION="Microsoft-13106404" 
JAVA_RUNTIME_VERSION="21.0.10+7-LTS" 
JAVA_VERSION="21.0.10" 
JAVA_VERSION_DATE="2026-01-20" 
LIBC="default" 
MODULES="java.base java.compiler java.datatransfer java.xml java.prefs java.desktop java.instrument java.logging java.management java.security.sasl java.naming java.rmi java.management.rmi java.net.http java.scripting java.security.jgss java.transaction.xa java.sql java.sql.rowset java.xml.crypto java.se java.smartcardio jdk.accessibility jdk.internal.jvmstat jdk.attach jdk.charsets jdk.internal.opt jdk.zipfs jdk.compiler jdk.crypto.ec jdk.crypto.cryptoki jdk.crypto.mscapi jdk.dynalink jdk.internal.ed jdk.editpad jdk.hotspot.agent jdk.httpserver jdk.incubator.vector jdk.internal.le jdk.internal.vm.ci jdk.internal.vm.compiler jdk.internal.vm.compiler.management jdk.jartool jdk.javadoc jdk.jcmd jdk.management jdk.management.agent jdk.jconsole jdk.jdeps jdk.jdwp.agent jdk.jdi jdk.jfr jdk.jlink jdk.jpackage jdk.jshell jdk.jsobject jdk.jstatd jdk.localedata jdk.management.jfr jdk.naming.dns jdk.naming.rmi jdk.net jdk.nio.mapmode jdk.random jdk.sctp jdk.security.auth jdk.security.jgss jdk.unsupported jdk.unsupported.desktop jdk.xml.dom" 
OS_ARCH="x86_64" 
OS_NAME="Windows" 
SOURCE=".:git:e69b6ef7382e" 

Environment Variables:
JAVA_HOME=C:\Program Files\Java\jdk-24
PATH=C:\Program Files\Common Files\Oracle\Java\javapath;C:\Program Files\Microsoft MPI\Bin\;C:\WINDOWS\system32;C:\WINDOWS;C:\WINDOWS\System32\Wbem;C:\WINDOWS\System32\WindowsPowerShell\v1.0\;C:\WINDOWS\System32\OpenSSH\;C:\Program Files (x86)\Microsoft SQL Server\160\Tools\Binn\;C:\Program Files\Microsoft SQL Server\160\Tools\Binn\;C:\Program Files\Microsoft SQL Server\Client SDK\ODBC\170\Tools\Binn\;C:\Program Files\Microsoft SQL Server\160\DTS\Binn\;C:\Program Files (x86)\Microsoft SQL Server\150\Tools\Binn\;C:\Program Files\Microsoft SQL Server\150\Tools\Binn\;C:\Program Files\Microsoft SQL Server\150\DTS\Binn\;C:\Program Files\Microsoft SQL Server\Client SDK\ODBC\130\Tools\Binn\;C:\Program Files (x86)\Microsoft SQL Server\130\Tools\Binn\;C:\Program Files\Microsoft SQL Server\130\Tools\Binn\;C:\Program Files\Microsoft SQL Server\130\DTS\Binn\;C:\Program Files (x86)\Microsoft SQL Server\160\DTS\Binn\;C:\Program Files\Git\cmd;C:\xampp\php;C:\composer;C:\Program Files\dotnet\;C:\Program Files\Docker\Docker\resources\bin;C:\Users\datdo\Downloads\apache-maven-3.9.12-bin\apache-maven-3.9.12\bin;C:\Program Files (x86)\Microsoft SQL Server\170\Tools\Binn\;C:\Program Files\Microsoft SQL Server\170\Tools\Binn\;C:\Program Files\Microsoft SQL Server\Client SDK\ODBC\180\Tools\Binn\;C:\Program Files\Microsoft SQL Server\170\DTS\Binn\;C:\Users\datdo\AppData\Local\Microsoft\WindowsApps;C:\Users\datdo\AppData\Local\Programs\Microsoft VS Code\bin;C:\Users\datdo\AppData\Roaming\Composer\vendor\bin;C:\composer;C:\Users\datdo\.lmstudio\bin;C:\Users\datdo\.dotnet\tools;D:\flutter\bin;C:\Users\datdo\AppData\Local\Microsoft\WindowsApps;D:\flutter\bin;C:\Users\datdo\AppData\Local\Programs\cursor\resources\app\bin;C:\Program Files\Java\jdk-24\bin;C:\Program Files\JetBrains\IntelliJ IDEA 2025.3.1.1\bin;C:\Users\datdo\AppData\Local\Programs\Antigravity\bin
USERNAME=datdo
OS=Windows_NT
PROCESSOR_IDENTIFIER=AMD64 Family 25 Model 80 Stepping 0, AuthenticAMD
TMP=C:\Users\datdo\AppData\Local\Temp
TEMP=C:\Users\datdo\AppData\Local\Temp




Periodic native trim disabled

---------------  S Y S T E M  ---------------

OS:
 Windows 11 , 64 bit Build 26100 (10.0.26100.7920)
OS uptime: 10 days 18:47 hours
Hyper-V role detected

CPU: total 16 (initial active 16) (16 cores per cpu, 2 threads per core) family 25 model 80 stepping 0 microcode 0xa50000c, cx8, cmov, fxsr, ht, mmx, 3dnowpref, sse, sse2, sse3, ssse3, sse4a, sse4.1, sse4.2, popcnt, lzcnt, tsc, tscinvbit, avx, avx2, aes, erms, clmul, bmi1, bmi2, adx, sha, fma, vzeroupper, clflush, clflushopt, hv, rdtscp, rdpid, fsrm, f16c, cet_ss
Processor Information for processor 0
  Max Mhz: 3201, Current Mhz: 2555, Mhz Limit: 3201
Processor Information for processor 1
  Max Mhz: 3201, Current Mhz: 2555, Mhz Limit: 3201
Processor Information for processor 2
  Max Mhz: 3201, Current Mhz: 2555, Mhz Limit: 3201
Processor Information for processor 3
  Max Mhz: 3201, Current Mhz: 2555, Mhz Limit: 3201
Processor Information for processor 4
  Max Mhz: 3201, Current Mhz: 2555, Mhz Limit: 3201
Processor Information for processor 5
  Max Mhz: 3201, Current Mhz: 2555, Mhz Limit: 3201
Processor Information for processor 6
  Max Mhz: 3201, Current Mhz: 3201, Mhz Limit: 3201
Processor Information for processor 7
  Max Mhz: 3201, Current Mhz: 2555, Mhz Limit: 3201
Processor Information for processor 8
  Max Mhz: 3201, Current Mhz: 2555, Mhz Limit: 3201
Processor Information for processor 9
  Max Mhz: 3201, Current Mhz: 2555, Mhz Limit: 3201
Processor Information for processor 10
  Max Mhz: 3201, Current Mhz: 2555, Mhz Limit: 3201
Processor Information for processor 11
  Max Mhz: 3201, Current Mhz: 2555, Mhz Limit: 3201
Processor Information for processor 12
  Max Mhz: 3201, Current Mhz: 2555, Mhz Limit: 3201
Processor Information for processor 13
  Max Mhz: 3201, Current Mhz: 2555, Mhz Limit: 3201
Processor Information for processor 14
  Max Mhz: 3201, Current Mhz: 2555, Mhz Limit: 3201
Processor Information for processor 15
  Max Mhz: 3201, Current Mhz: 2555, Mhz Limit: 3201

Memory: 4k page, system-wide physical 14188M (712M free)
TotalPageFile size 28817M (AvailPageFile size 33M)
current process WorkingSet (physical memory assigned to process): 160M, peak: 438M
current process commit charge ("private bytes"): 493M, peak: 507M

vm_info: OpenJDK 64-Bit Server VM (21.0.10+7-LTS) for windows-amd64 JRE (21.0.10+7-LTS), built on 2026-01-15T18:39:42Z by "MicrosoftCorporation" with MS VC++ 17.14 (VS2022)

END.
