2026-04-14 17:06:56 [main] INFO  c.e.p.PaymentServiceApplication - Starting PaymentServiceApplication using Java 25.0.1 with PID 22980 (C:\Users\datdo\Desktop\Mini E-commerce Orders\payment-service\target\classes started by datdo in C:\Users\datdo\Desktop\Mini E-commerce Orders\payment-service)
2026-04-14 17:06:56 [main] DEBUG c.e.p.PaymentServiceApplication - Running with Spring Boot v3.2.4, Spring v6.1.5
2026-04-14 17:06:56 [main] INFO  c.e.p.PaymentServiceApplication - No active profile set, falling back to 1 default profile: "default"
2026-04-14 17:06:58 [main] INFO  o.s.d.r.c.RepositoryConfigurationDelegate - Bootstrapping Spring Data JPA repositories in DEFAULT mode.
2026-04-14 17:06:59 [main] INFO  o.s.d.r.c.RepositoryConfigurationDelegate - Finished Spring Data repository scanning in 258 ms. Found 1 JPA repository interface.
2026-04-14 17:06:59 [main] INFO  o.s.cloud.context.scope.GenericScope - BeanFactory id=89bd5d03-4759-3279-b711-14ae3f5477d4
2026-04-14 17:07:00 [main] WARN  o.s.c.s.PostProcessorRegistrationDelegate$BeanPostProcessorChecker - Bean 'org.springframework.cloud.client.loadbalancer.LoadBalancerAutoConfiguration$DeferringLoadBalancerInterceptorConfig' of type [org.springframework.cloud.client.loadbalancer.LoadBalancerAutoConfiguration$DeferringLoadBalancerInterceptorConfig] is not eligible for getting processed by all BeanPostProcessors (for example: not eligible for auto-proxying). The currently created BeanPostProcessor [lbRestClientPostProcessor] is declared through a non-static factory method on that class; consider declaring it as static instead.
2026-04-14 17:07:00 [main] WARN  o.s.c.s.PostProcessorRegistrationDelegate$BeanPostProcessorChecker - Bean 'deferringLoadBalancerInterceptor' of type [org.springframework.cloud.client.loadbalancer.DeferringLoadBalancerInterceptor] is not eligible for getting processed by all BeanPostProcessors (for example: not eligible for auto-proxying). Is this bean getting eagerly injected into a currently created BeanPostProcessor [lbRestClientPostProcessor]? Check the corresponding BeanPostProcessor declaration and its dependencies.
2026-04-14 17:07:00 [main] INFO  o.s.b.w.e.tomcat.TomcatWebServer - Tomcat initialized with port 8085 (http)
2026-04-14 17:07:00 [main] INFO  o.a.catalina.core.StandardService - Starting service [Tomcat]
2026-04-14 17:07:00 [main] INFO  o.a.catalina.core.StandardEngine - Starting Servlet engine: [Apache Tomcat/10.1.19]
2026-04-14 17:07:00 [main] INFO  o.a.c.c.C.[Tomcat].[localhost].[/] - Initializing Spring embedded WebApplicationContext
2026-04-14 17:07:00 [main] INFO  o.s.b.w.s.c.ServletWebServerApplicationContext - Root WebApplicationContext: initialization completed in 4013 ms
2026-04-14 17:07:01 [main] DEBUG c.e.p.config.JwtAuthFilter - Filter 'jwtAuthFilter' configured for use
2026-04-14 17:07:01 [main] INFO  o.h.jpa.internal.util.LogHelper - HHH000204: Processing PersistenceUnitInfo [name: default]
2026-04-14 17:07:01 [main] INFO  org.hibernate.Version - HHH000412: Hibernate ORM core version 6.4.4.Final
2026-04-14 17:07:01 [main] INFO  o.h.c.i.RegionFactoryInitiator - HHH000026: Second-level cache disabled
2026-04-14 17:07:01 [main] INFO  o.s.o.j.p.SpringPersistenceUnitInfo - No LoadTimeWeaver setup: ignoring JPA class transformer
2026-04-14 17:07:01 [main] INFO  com.zaxxer.hikari.HikariDataSource - HikariPool-1 - Starting...
2026-04-14 17:07:02 [main] INFO  com.zaxxer.hikari.pool.HikariPool - HikariPool-1 - Added connection ConnectionID:1 ClientConnectionId: 9edc8c0b-97dd-426b-83df-81fd80e2541a
2026-04-14 17:07:02 [main] INFO  com.zaxxer.hikari.HikariDataSource - HikariPool-1 - Start completed.
2026-04-14 17:07:02 [main] WARN  org.hibernate.orm.deprecation - HHH90000025: SQLServerDialect does not need to be specified explicitly using 'hibernate.dialect' (remove the property setting and it will be selected by default)
2026-04-14 17:07:03 [main] INFO  o.h.e.t.j.p.i.JtaPlatformInitiator - HHH000489: No JTA platform available (set 'hibernate.transaction.jta.platform' to enable JTA platform integration)
2026-04-14 17:07:04 [main] INFO  o.s.o.j.LocalContainerEntityManagerFactoryBean - Initialized JPA EntityManagerFactory for persistence unit 'default'
2026-04-14 17:07:05 [main] WARN  o.s.b.a.o.j.JpaBaseConfiguration$JpaWebConfiguration - spring.jpa.open-in-view is enabled by default. Therefore, database queries may be performed during view rendering. Explicitly configure spring.jpa.open-in-view to disable this warning
2026-04-14 17:07:05 [main] INFO  o.s.c.o.FeignClientFactoryBean - For 'order-service' URL not provided. Will try picking an instance via load-balancing.
2026-04-14 17:07:05 [main] WARN  o.s.b.a.s.s.UserDetailsServiceAutoConfiguration - 

Using generated security password: 8d95a3b6-acae-4f23-8d70-4f4352677fa8

This generated password is for development use only. Your security configuration must be updated before running your application in production.

2026-04-14 17:07:06 [main] INFO  o.s.b.a.e.web.EndpointLinksResolver - Exposing 1 endpoint(s) beneath base path '/actuator'
2026-04-14 17:07:06 [main] INFO  o.s.s.web.DefaultSecurityFilterChain - Will secure any request with [org.springframework.security.web.session.DisableEncodeUrlFilter@207b0d48, org.springframework.security.web.context.request.async.WebAsyncManagerIntegrationFilter@3077e4aa, org.springframework.security.web.context.SecurityContextHolderFilter@3d8c499a, org.springframework.security.web.header.HeaderWriterFilter@328446e1, org.springframework.web.filter.CorsFilter@3518882c, org.springframework.security.web.authentication.logout.LogoutFilter@20961f8b, com.example.payment_service.config.JwtAuthFilter@40c28b0d, org.springframework.security.web.savedrequest.RequestCacheAwareFilter@68628510, org.springframework.security.web.servletapi.SecurityContextHolderAwareRequestFilter@43cc7bb7, org.springframework.security.web.authentication.AnonymousAuthenticationFilter@71dc03a, org.springframework.security.web.session.SessionManagementFilter@34207fde, org.springframework.security.web.access.ExceptionTranslationFilter@3f96ef2, org.springframework.security.web.access.intercept.AuthorizationFilter@7241872c]
2026-04-14 17:07:07 [main] WARN  o.s.c.l.c.LoadBalancerCacheAutoConfiguration$LoadBalancerCaffeineWarnLogger - Spring Cloud LoadBalancer is currently working with the default cache. While this cache implementation is useful for development and tests, it's recommended to use Caffeine cache in production.You can switch to using Caffeine cache, by adding it and org.springframework.cache.caffeine.CaffeineCacheManager to the classpath.
2026-04-14 17:07:07 [main] INFO  o.s.b.w.e.tomcat.TomcatWebServer - Tomcat started on port 8085 (http) with context path ''
2026-04-14 17:07:07 [main] INFO  o.s.c.c.s.ConsulServiceRegistry - Registering service with consul: NewService{id='payment-service-8085', name='payment-service', tags=[], address='172.26.0.1', meta={secure=false}, port=8085, enableTagOverride=null, check=Check{script='null', dockerContainerID='null', shell='null', interval='10s', ttl='null', http='http://172.26.0.1:8085/actuator/health', method='null', header={}, tcp='null', timeout='null', deregisterCriticalServiceAfter='null', tlsSkipVerify=null, status='null', grpc='null', grpcUseTLS=null}, checks=null}
2026-04-14 17:07:07 [main] INFO  o.s.a.r.c.CachingConnectionFactory - Attempting to connect to: [localhost:5672]
2026-04-14 17:07:07 [main] INFO  o.s.a.r.c.CachingConnectionFactory - Created new connection: rabbitConnectionFactory#1985f8e3:0/SimpleConnection@c9f9fe3 [delegate=amqp://guest@127.0.0.1:5672/, localPort=64106]
2026-04-14 17:07:07 [http-nio-8085-exec-1] INFO  o.a.c.c.C.[Tomcat].[localhost].[/] - Initializing Spring DispatcherServlet 'dispatcherServlet'
2026-04-14 17:07:07 [http-nio-8085-exec-1] INFO  o.s.web.servlet.DispatcherServlet - Initializing Servlet 'dispatcherServlet'
2026-04-14 17:07:07 [http-nio-8085-exec-1] INFO  o.s.web.servlet.DispatcherServlet - Completed initialization in 2 ms
2026-04-14 17:07:07 [main] INFO  c.e.p.PaymentServiceApplication - Started PaymentServiceApplication in 12.183 seconds (process running for 13.173)
