2026-04-14 17:06:30 [main] INFO  c.e.a.AuthServiceApplication - Starting AuthServiceApplication using Java 25.0.1 with PID 8436 (C:\Users\datdo\Desktop\Mini E-commerce Orders\auth-service\target\classes started by datdo in C:\Users\datdo\Desktop\Mini E-commerce Orders\auth-service)
2026-04-14 17:06:30 [main] INFO  c.e.a.AuthServiceApplication - No active profile set, falling back to 1 default profile: "default"
2026-04-14 17:06:32 [main] INFO  o.s.d.r.c.RepositoryConfigurationDelegate - Bootstrapping Spring Data JPA repositories in DEFAULT mode.
2026-04-14 17:06:32 [main] INFO  o.s.d.r.c.RepositoryConfigurationDelegate - Finished Spring Data repository scanning in 429 ms. Found 1 JPA repository interface.
2026-04-14 17:06:33 [main] INFO  o.s.cloud.context.scope.GenericScope - BeanFactory id=976870a2-adf8-36f1-9b1a-fadeb9674212
2026-04-14 17:06:33 [main] WARN  o.s.c.s.PostProcessorRegistrationDelegate$BeanPostProcessorChecker - Bean 'org.springframework.cloud.client.loadbalancer.LoadBalancerAutoConfiguration$DeferringLoadBalancerInterceptorConfig' of type [org.springframework.cloud.client.loadbalancer.LoadBalancerAutoConfiguration$DeferringLoadBalancerInterceptorConfig] is not eligible for getting processed by all BeanPostProcessors (for example: not eligible for auto-proxying). The currently created BeanPostProcessor [lbRestClientPostProcessor] is declared through a non-static factory method on that class; consider declaring it as static instead.
2026-04-14 17:06:33 [main] WARN  o.s.c.s.PostProcessorRegistrationDelegate$BeanPostProcessorChecker - Bean 'deferringLoadBalancerInterceptor' of type [org.springframework.cloud.client.loadbalancer.DeferringLoadBalancerInterceptor] is not eligible for getting processed by all BeanPostProcessors (for example: not eligible for auto-proxying). Is this bean getting eagerly injected into a currently created BeanPostProcessor [lbRestClientPostProcessor]? Check the corresponding BeanPostProcessor declaration and its dependencies.
2026-04-14 17:06:34 [main] INFO  o.s.b.w.e.tomcat.TomcatWebServer - Tomcat initialized with port 8081 (http)
2026-04-14 17:06:34 [main] INFO  o.a.catalina.core.StandardService - Starting service [Tomcat]
2026-04-14 17:06:34 [main] INFO  o.a.catalina.core.StandardEngine - Starting Servlet engine: [Apache Tomcat/10.1.19]
2026-04-14 17:06:34 [main] INFO  o.a.c.c.C.[Tomcat].[localhost].[/] - Initializing Spring embedded WebApplicationContext
2026-04-14 17:06:34 [main] INFO  o.s.b.w.s.c.ServletWebServerApplicationContext - Root WebApplicationContext: initialization completed in 3562 ms
2026-04-14 17:06:35 [main] INFO  o.h.jpa.internal.util.LogHelper - HHH000204: Processing PersistenceUnitInfo [name: default]
2026-04-14 17:06:35 [main] INFO  org.hibernate.Version - HHH000412: Hibernate ORM core version 6.4.4.Final
2026-04-14 17:06:35 [main] INFO  o.h.c.i.RegionFactoryInitiator - HHH000026: Second-level cache disabled
2026-04-14 17:06:35 [main] INFO  o.s.o.j.p.SpringPersistenceUnitInfo - No LoadTimeWeaver setup: ignoring JPA class transformer
2026-04-14 17:06:35 [main] INFO  com.zaxxer.hikari.HikariDataSource - HikariPool-1 - Starting...
2026-04-14 17:06:36 [main] INFO  com.zaxxer.hikari.pool.HikariPool - HikariPool-1 - Added connection ConnectionID:1 ClientConnectionId: 57fb9650-965d-4741-985c-290414ef13e4
2026-04-14 17:06:36 [main] INFO  com.zaxxer.hikari.HikariDataSource - HikariPool-1 - Start completed.
2026-04-14 17:06:37 [main] INFO  o.h.e.t.j.p.i.JtaPlatformInitiator - HHH000489: No JTA platform available (set 'hibernate.transaction.jta.platform' to enable JTA platform integration)
2026-04-14 17:06:38 [main] INFO  o.s.o.j.LocalContainerEntityManagerFactoryBean - Initialized JPA EntityManagerFactory for persistence unit 'default'
2026-04-14 17:06:39 [main] WARN  o.s.b.a.o.j.JpaBaseConfiguration$JpaWebConfiguration - spring.jpa.open-in-view is enabled by default. Therefore, database queries may be performed during view rendering. Explicitly configure spring.jpa.open-in-view to disable this warning
2026-04-14 17:06:40 [main] INFO  o.s.c.o.FeignClientFactoryBean - For 'user-service' URL not provided. Will try picking an instance via load-balancing.
2026-04-14 17:06:40 [main] WARN  o.s.b.a.s.s.UserDetailsServiceAutoConfiguration - 

Using generated security password: b6077310-6f4d-4b83-b927-7ba0cb311e0b

This generated password is for development use only. Your security configuration must be updated before running your application in production.

2026-04-14 17:06:41 [main] INFO  o.s.b.a.e.web.EndpointLinksResolver - Exposing 1 endpoint(s) beneath base path '/actuator'
2026-04-14 17:06:41 [main] INFO  o.s.s.web.DefaultSecurityFilterChain - Will secure any request with [org.springframework.security.web.session.DisableEncodeUrlFilter@6adee80f, org.springframework.security.web.context.request.async.WebAsyncManagerIntegrationFilter@180466a9, org.springframework.security.web.context.SecurityContextHolderFilter@6682e9b0, org.springframework.security.web.header.HeaderWriterFilter@2bdc2c26, org.springframework.security.web.authentication.logout.LogoutFilter@67253518, org.springframework.security.web.savedrequest.RequestCacheAwareFilter@2b208574, org.springframework.security.web.servletapi.SecurityContextHolderAwareRequestFilter@5269aa68, org.springframework.security.web.authentication.AnonymousAuthenticationFilter@2670435, org.springframework.security.web.session.SessionManagementFilter@4fd9deed, org.springframework.security.web.access.ExceptionTranslationFilter@57d71569, org.springframework.security.web.access.intercept.AuthorizationFilter@370e5bb9]
2026-04-14 17:06:41 [main] WARN  o.s.c.l.c.LoadBalancerCacheAutoConfiguration$LoadBalancerCaffeineWarnLogger - Spring Cloud LoadBalancer is currently working with the default cache. While this cache implementation is useful for development and tests, it's recommended to use Caffeine cache in production.You can switch to using Caffeine cache, by adding it and org.springframework.cache.caffeine.CaffeineCacheManager to the classpath.
2026-04-14 17:06:42 [main] INFO  o.s.b.w.e.tomcat.TomcatWebServer - Tomcat started on port 8081 (http) with context path ''
2026-04-14 17:06:42 [main] INFO  o.s.c.c.s.ConsulServiceRegistry - Registering service with consul: NewService{id='auth-service-8081', name='auth-service', tags=[], address='127.0.0.1', meta={secure=false}, port=8081, enableTagOverride=null, check=Check{script='null', dockerContainerID='null', shell='null', interval='10s', ttl='null', http='http://127.0.0.1:8081/actuator/health', method='null', header={}, tcp='null', timeout='null', deregisterCriticalServiceAfter='null', tlsSkipVerify=null, status='null', grpc='null', grpcUseTLS=null}, checks=null}
2026-04-14 17:06:42 [main] INFO  c.e.a.AuthServiceApplication - Started AuthServiceApplication in 11.902 seconds (process running for 13.236)
2026-04-14 17:06:51 [http-nio-8081-exec-1] INFO  o.a.c.c.C.[Tomcat].[localhost].[/] - Initializing Spring DispatcherServlet 'dispatcherServlet'
2026-04-14 17:06:51 [http-nio-8081-exec-1] INFO  o.s.web.servlet.DispatcherServlet - Initializing Servlet 'dispatcherServlet'
2026-04-14 17:06:51 [http-nio-8081-exec-1] INFO  o.s.web.servlet.DispatcherServlet - Completed initialization in 5 ms
2026-04-14 17:08:50 [http-nio-8081-exec-3] INFO  o.s.api.AbstractOpenApiResource - Init duration for springdoc-openapi is: 294 ms
