2026-04-14 17:06:53 [main] INFO  c.e.o.OrderServiceApplication - Starting OrderServiceApplication using Java 21.0.10 with PID 11344 (C:\Users\datdo\Desktop\Mini E-commerce Orders\order-service\target\classes started by datdo in C:\Users\datdo\Desktop\Mini E-commerce Orders\order-service)
2026-04-14 17:06:53 [main] DEBUG c.e.o.OrderServiceApplication - Running with Spring Boot v3.2.4, Spring v6.1.5
2026-04-14 17:06:53 [main] INFO  c.e.o.OrderServiceApplication - No active profile set, falling back to 1 default profile: "default"
2026-04-14 17:06:56 [main] INFO  o.s.d.r.c.RepositoryConfigurationDelegate - Bootstrapping Spring Data JPA repositories in DEFAULT mode.
2026-04-14 17:06:56 [main] INFO  o.s.d.r.c.RepositoryConfigurationDelegate - Finished Spring Data repository scanning in 255 ms. Found 2 JPA repository interfaces.
2026-04-14 17:06:57 [main] INFO  o.s.cloud.context.scope.GenericScope - BeanFactory id=eae0f139-b2f0-351e-bfec-647a022294a1
2026-04-14 17:06:58 [main] WARN  o.s.c.s.PostProcessorRegistrationDelegate$BeanPostProcessorChecker - Bean 'org.springframework.cloud.client.loadbalancer.LoadBalancerAutoConfiguration$DeferringLoadBalancerInterceptorConfig' of type [org.springframework.cloud.client.loadbalancer.LoadBalancerAutoConfiguration$DeferringLoadBalancerInterceptorConfig] is not eligible for getting processed by all BeanPostProcessors (for example: not eligible for auto-proxying). The currently created BeanPostProcessor [lbRestClientPostProcessor] is declared through a non-static factory method on that class; consider declaring it as static instead.
2026-04-14 17:06:58 [main] WARN  o.s.c.s.PostProcessorRegistrationDelegate$BeanPostProcessorChecker - Bean 'deferringLoadBalancerInterceptor' of type [org.springframework.cloud.client.loadbalancer.DeferringLoadBalancerInterceptor] is not eligible for getting processed by all BeanPostProcessors (for example: not eligible for auto-proxying). Is this bean getting eagerly injected into a currently created BeanPostProcessor [lbRestClientPostProcessor]? Check the corresponding BeanPostProcessor declaration and its dependencies.
2026-04-14 17:06:59 [main] INFO  o.s.b.w.e.tomcat.TomcatWebServer - Tomcat initialized with port 8083 (http)
2026-04-14 17:06:59 [main] INFO  o.a.catalina.core.StandardService - Starting service [Tomcat]
2026-04-14 17:06:59 [main] INFO  o.a.catalina.core.StandardEngine - Starting Servlet engine: [Apache Tomcat/10.1.19]
2026-04-14 17:06:59 [main] INFO  o.a.c.c.C.[Tomcat].[localhost].[/] - Initializing Spring embedded WebApplicationContext
2026-04-14 17:06:59 [main] INFO  o.s.b.w.s.c.ServletWebServerApplicationContext - Root WebApplicationContext: initialization completed in 5388 ms
2026-04-14 17:06:59 [main] DEBUG c.e.o.config.JwtAuthFilter - Filter 'jwtAuthFilter' configured for use
2026-04-14 17:06:59 [main] INFO  o.h.jpa.internal.util.LogHelper - HHH000204: Processing PersistenceUnitInfo [name: default]
2026-04-14 17:07:00 [main] INFO  org.hibernate.Version - HHH000412: Hibernate ORM core version 6.4.4.Final
2026-04-14 17:07:00 [main] INFO  o.h.c.i.RegionFactoryInitiator - HHH000026: Second-level cache disabled
2026-04-14 17:07:00 [main] INFO  o.s.o.j.p.SpringPersistenceUnitInfo - No LoadTimeWeaver setup: ignoring JPA class transformer
2026-04-14 17:07:00 [main] INFO  com.zaxxer.hikari.HikariDataSource - HikariPool-1 - Starting...
2026-04-14 17:07:01 [main] INFO  com.zaxxer.hikari.pool.HikariPool - HikariPool-1 - Added connection ConnectionID:1 ClientConnectionId: e0a256c1-9637-473c-8c71-20cb7f32f6b5
2026-04-14 17:07:01 [main] INFO  com.zaxxer.hikari.HikariDataSource - HikariPool-1 - Start completed.
2026-04-14 17:07:01 [main] WARN  org.hibernate.orm.deprecation - HHH90000025: SQLServerDialect does not need to be specified explicitly using 'hibernate.dialect' (remove the property setting and it will be selected by default)
2026-04-14 17:07:02 [main] INFO  o.h.e.t.j.p.i.JtaPlatformInitiator - HHH000489: No JTA platform available (set 'hibernate.transaction.jta.platform' to enable JTA platform integration)
2026-04-14 17:07:03 [main] INFO  o.s.o.j.LocalContainerEntityManagerFactoryBean - Initialized JPA EntityManagerFactory for persistence unit 'default'
2026-04-14 17:07:04 [main] WARN  o.s.b.a.o.j.JpaBaseConfiguration$JpaWebConfiguration - spring.jpa.open-in-view is enabled by default. Therefore, database queries may be performed during view rendering. Explicitly configure spring.jpa.open-in-view to disable this warning
2026-04-14 17:07:04 [main] INFO  o.s.c.o.FeignClientFactoryBean - For 'product-service' URL not provided. Will try picking an instance via load-balancing.
2026-04-14 17:07:05 [main] INFO  o.s.c.o.FeignClientFactoryBean - For 'user-service' URL not provided. Will try picking an instance via load-balancing.
2026-04-14 17:07:05 [main] WARN  o.s.b.a.s.s.UserDetailsServiceAutoConfiguration - 

Using generated security password: ec2bcb5a-92ee-493a-8ba0-f7000ffb2aa8

This generated password is for development use only. Your security configuration must be updated before running your application in production.

2026-04-14 17:07:06 [main] INFO  o.s.b.a.e.web.EndpointLinksResolver - Exposing 1 endpoint(s) beneath base path '/actuator'
2026-04-14 17:07:06 [main] INFO  o.s.s.web.DefaultSecurityFilterChain - Will secure any request with [org.springframework.security.web.session.DisableEncodeUrlFilter@1a89d045, org.springframework.security.web.context.request.async.WebAsyncManagerIntegrationFilter@4d2d0eda, org.springframework.security.web.context.SecurityContextHolderFilter@f4ecbbf, org.springframework.security.web.header.HeaderWriterFilter@221ec884, org.springframework.web.filter.CorsFilter@2ce987d7, org.springframework.security.web.authentication.logout.LogoutFilter@4a244aa3, com.example.order_service.config.JwtAuthFilter@66048ac4, org.springframework.security.web.savedrequest.RequestCacheAwareFilter@61906bb1, org.springframework.security.web.servletapi.SecurityContextHolderAwareRequestFilter@46e03c31, org.springframework.security.web.authentication.AnonymousAuthenticationFilter@16a4d5a9, org.springframework.security.web.session.SessionManagementFilter@40ea5cd3, org.springframework.security.web.access.ExceptionTranslationFilter@75922191, org.springframework.security.web.access.intercept.AuthorizationFilter@e7afdd0]
2026-04-14 17:07:07 [main] WARN  o.s.c.l.c.LoadBalancerCacheAutoConfiguration$LoadBalancerCaffeineWarnLogger - Spring Cloud LoadBalancer is currently working with the default cache. While this cache implementation is useful for development and tests, it's recommended to use Caffeine cache in production.You can switch to using Caffeine cache, by adding it and org.springframework.cache.caffeine.CaffeineCacheManager to the classpath.
2026-04-14 17:07:07 [main] INFO  o.s.b.w.e.tomcat.TomcatWebServer - Tomcat started on port 8083 (http) with context path ''
2026-04-14 17:07:07 [main] INFO  o.s.c.c.s.ConsulServiceRegistry - Registering service with consul: NewService{id='order-service-8083', name='order-service', tags=[], address='127.0.0.1', meta={secure=false}, port=8083, enableTagOverride=null, check=Check{script='null', dockerContainerID='null', shell='null', interval='10s', ttl='null', http='http://127.0.0.1:8083/actuator/health', method='null', header={}, tcp='null', timeout='null', deregisterCriticalServiceAfter='null', tlsSkipVerify=null, status='null', grpc='null', grpcUseTLS=null}, checks=null}
2026-04-14 17:07:07 [main] INFO  c.e.o.OrderServiceApplication - Started OrderServiceApplication in 14.621 seconds (process running for 17.066)
2026-04-14 17:07:16 [http-nio-8083-exec-1] INFO  o.a.c.c.C.[Tomcat].[localhost].[/] - Initializing Spring DispatcherServlet 'dispatcherServlet'
2026-04-14 17:07:16 [http-nio-8083-exec-1] INFO  o.s.web.servlet.DispatcherServlet - Initializing Servlet 'dispatcherServlet'
2026-04-14 17:07:16 [http-nio-8083-exec-1] INFO  o.s.web.servlet.DispatcherServlet - Completed initialization in 1 ms
2026-04-14 17:07:16 [http-nio-8083-exec-1] INFO  o.s.a.r.c.CachingConnectionFactory - Attempting to connect to: [localhost:5672]
2026-04-14 17:07:16 [http-nio-8083-exec-1] INFO  o.s.a.r.c.CachingConnectionFactory - Created new connection: rabbitConnectionFactory#5dcbdcb9:0/SimpleConnection@21553f4c [delegate=amqp://guest@127.0.0.1:5672/, localPort=64113]
2026-04-14 17:08:49 [http-nio-8083-exec-1] INFO  o.s.api.AbstractOpenApiResource - Init duration for springdoc-openapi is: 423 ms
2026-04-14 17:09:45 [http-nio-8083-exec-8] INFO  c.e.o.controller.OrderController - User có ID [17] đang yêu cầu tạo đơn hàng mới
2026-04-14 17:09:45 [http-nio-8083-exec-8] DEBUG c.e.o.controller.OrderController - Chi tiết giỏ hàng gửi lên: OrderRequest(address=Ha nam, paymentMethod=CK, orderItems=[OrderItemRequest(productId=19, quantity=2, price=0)])
2026-04-14 17:09:45 [http-nio-8083-exec-8] DEBUG c.e.order_service.client.UserClient - [UserClient#getUserById] ---> GET http://user-service/api/users/internal/17 HTTP/1.1
2026-04-14 17:09:45 [http-nio-8083-exec-8] DEBUG c.e.order_service.client.UserClient - [UserClient#getUserById] ---> END HTTP (0-byte body)
2026-04-14 17:09:46 [http-nio-8083-exec-8] DEBUG c.e.order_service.client.UserClient - [UserClient#getUserById] <--- HTTP/1.1 200 (147ms)
2026-04-14 17:09:46 [http-nio-8083-exec-8] DEBUG c.e.order_service.client.UserClient - [UserClient#getUserById] cache-control: no-cache, no-store, max-age=0, must-revalidate
2026-04-14 17:09:46 [http-nio-8083-exec-8] DEBUG c.e.order_service.client.UserClient - [UserClient#getUserById] connection: keep-alive
2026-04-14 17:09:46 [http-nio-8083-exec-8] DEBUG c.e.order_service.client.UserClient - [UserClient#getUserById] content-type: application/json
2026-04-14 17:09:46 [http-nio-8083-exec-8] DEBUG c.e.order_service.client.UserClient - [UserClient#getUserById] date: Tue, 14 Apr 2026 10:09:45 GMT
2026-04-14 17:09:46 [http-nio-8083-exec-8] DEBUG c.e.order_service.client.UserClient - [UserClient#getUserById] expires: 0
2026-04-14 17:09:46 [http-nio-8083-exec-8] DEBUG c.e.order_service.client.UserClient - [UserClient#getUserById] keep-alive: timeout=60
2026-04-14 17:09:46 [http-nio-8083-exec-8] DEBUG c.e.order_service.client.UserClient - [UserClient#getUserById] pragma: no-cache
2026-04-14 17:09:46 [http-nio-8083-exec-8] DEBUG c.e.order_service.client.UserClient - [UserClient#getUserById] transfer-encoding: chunked
2026-04-14 17:09:46 [http-nio-8083-exec-8] DEBUG c.e.order_service.client.UserClient - [UserClient#getUserById] vary: Origin
2026-04-14 17:09:46 [http-nio-8083-exec-8] DEBUG c.e.order_service.client.UserClient - [UserClient#getUserById] vary: Access-Control-Request-Method
2026-04-14 17:09:46 [http-nio-8083-exec-8] DEBUG c.e.order_service.client.UserClient - [UserClient#getUserById] vary: Access-Control-Request-Headers
2026-04-14 17:09:46 [http-nio-8083-exec-8] DEBUG c.e.order_service.client.UserClient - [UserClient#getUserById] x-content-type-options: nosniff
2026-04-14 17:09:46 [http-nio-8083-exec-8] DEBUG c.e.order_service.client.UserClient - [UserClient#getUserById] x-frame-options: DENY
2026-04-14 17:09:46 [http-nio-8083-exec-8] DEBUG c.e.order_service.client.UserClient - [UserClient#getUserById] x-xss-protection: 0
2026-04-14 17:09:46 [http-nio-8083-exec-8] DEBUG c.e.order_service.client.UserClient - [UserClient#getUserById] 
2026-04-14 17:09:46 [http-nio-8083-exec-8] DEBUG c.e.order_service.client.UserClient - [UserClient#getUserById] {"id":17,"fullName":"tuananhtest4","email":"tuananhtest4@example.com","phone":null,"address":null}
2026-04-14 17:09:46 [http-nio-8083-exec-8] DEBUG c.e.order_service.client.UserClient - [UserClient#getUserById] <--- END HTTP (98-byte body)
2026-04-14 17:09:46 [http-nio-8083-exec-8] DEBUG c.e.o.client.ProductClient - [ProductClient#getProductById] ---> GET http://product-service/api/products/internal/19 HTTP/1.1
2026-04-14 17:09:46 [http-nio-8083-exec-8] DEBUG c.e.o.client.ProductClient - [ProductClient#getProductById] ---> END HTTP (0-byte body)
2026-04-14 17:09:46 [http-nio-8083-exec-8] DEBUG c.e.o.client.ProductClient - [ProductClient#getProductById] <--- HTTP/1.1 200 (155ms)
2026-04-14 17:09:46 [http-nio-8083-exec-8] DEBUG c.e.o.client.ProductClient - [ProductClient#getProductById] cache-control: no-cache, no-store, max-age=0, must-revalidate
2026-04-14 17:09:46 [http-nio-8083-exec-8] DEBUG c.e.o.client.ProductClient - [ProductClient#getProductById] connection: keep-alive
2026-04-14 17:09:46 [http-nio-8083-exec-8] DEBUG c.e.o.client.ProductClient - [ProductClient#getProductById] content-type: application/json
2026-04-14 17:09:46 [http-nio-8083-exec-8] DEBUG c.e.o.client.ProductClient - [ProductClient#getProductById] date: Tue, 14 Apr 2026 10:09:46 GMT
2026-04-14 17:09:46 [http-nio-8083-exec-8] DEBUG c.e.o.client.ProductClient - [ProductClient#getProductById] expires: 0
2026-04-14 17:09:46 [http-nio-8083-exec-8] DEBUG c.e.o.client.ProductClient - [ProductClient#getProductById] keep-alive: timeout=60
2026-04-14 17:09:46 [http-nio-8083-exec-8] DEBUG c.e.o.client.ProductClient - [ProductClient#getProductById] pragma: no-cache
2026-04-14 17:09:46 [http-nio-8083-exec-8] DEBUG c.e.o.client.ProductClient - [ProductClient#getProductById] transfer-encoding: chunked
2026-04-14 17:09:46 [http-nio-8083-exec-8] DEBUG c.e.o.client.ProductClient - [ProductClient#getProductById] vary: Origin
2026-04-14 17:09:46 [http-nio-8083-exec-8] DEBUG c.e.o.client.ProductClient - [ProductClient#getProductById] vary: Access-Control-Request-Method
2026-04-14 17:09:46 [http-nio-8083-exec-8] DEBUG c.e.o.client.ProductClient - [ProductClient#getProductById] vary: Access-Control-Request-Headers
2026-04-14 17:09:46 [http-nio-8083-exec-8] DEBUG c.e.o.client.ProductClient - [ProductClient#getProductById] x-content-type-options: nosniff
2026-04-14 17:09:46 [http-nio-8083-exec-8] DEBUG c.e.o.client.ProductClient - [ProductClient#getProductById] x-frame-options: DENY
2026-04-14 17:09:46 [http-nio-8083-exec-8] DEBUG c.e.o.client.ProductClient - [ProductClient#getProductById] x-xss-protection: 0
2026-04-14 17:09:46 [http-nio-8083-exec-8] DEBUG c.e.o.client.ProductClient - [ProductClient#getProductById] 
2026-04-14 17:09:46 [http-nio-8083-exec-8] DEBUG c.e.o.client.ProductClient - [ProductClient#getProductById] {"success":true,"message":"Fetched product successfully","data":{"id":19,"name":"sanphammoi","description":"spm","price":230000.00,"stock":95}}
2026-04-14 17:09:46 [http-nio-8083-exec-8] DEBUG c.e.o.client.ProductClient - [ProductClient#getProductById] <--- END HTTP (143-byte body)
2026-04-14 17:09:46 [http-nio-8083-exec-8] INFO  c.e.o.event.OrderEventPublisher - --- [MQ] Đang bắn event đơn hàng [5568e0c6-7c0e-4933-8661-3d6bc4ad3e2e] sang RabbitMQ ---
2026-04-14 17:09:46 [http-nio-8083-exec-8] INFO  c.e.o.event.OrderEventPublisher - --- [MQ] Gửi thành công! ---
2026-04-14 17:09:46 [http-nio-8083-exec-8] DEBUG c.e.o.client.ProductClient - [ProductClient#getProductById] ---> GET http://product-service/api/products/internal/19 HTTP/1.1
2026-04-14 17:09:46 [http-nio-8083-exec-8] DEBUG c.e.o.client.ProductClient - [ProductClient#getProductById] ---> END HTTP (0-byte body)
2026-04-14 17:09:46 [http-nio-8083-exec-8] DEBUG c.e.o.client.ProductClient - [ProductClient#getProductById] <--- HTTP/1.1 200 (16ms)
2026-04-14 17:09:46 [http-nio-8083-exec-8] DEBUG c.e.o.client.ProductClient - [ProductClient#getProductById] cache-control: no-cache, no-store, max-age=0, must-revalidate
2026-04-14 17:09:46 [http-nio-8083-exec-8] DEBUG c.e.o.client.ProductClient - [ProductClient#getProductById] connection: keep-alive
2026-04-14 17:09:46 [http-nio-8083-exec-8] DEBUG c.e.o.client.ProductClient - [ProductClient#getProductById] content-type: application/json
2026-04-14 17:09:46 [http-nio-8083-exec-8] DEBUG c.e.o.client.ProductClient - [ProductClient#getProductById] date: Tue, 14 Apr 2026 10:09:46 GMT
2026-04-14 17:09:46 [http-nio-8083-exec-8] DEBUG c.e.o.client.ProductClient - [ProductClient#getProductById] expires: 0
2026-04-14 17:09:46 [http-nio-8083-exec-8] DEBUG c.e.o.client.ProductClient - [ProductClient#getProductById] keep-alive: timeout=60
2026-04-14 17:09:46 [http-nio-8083-exec-8] DEBUG c.e.o.client.ProductClient - [ProductClient#getProductById] pragma: no-cache
2026-04-14 17:09:46 [http-nio-8083-exec-8] DEBUG c.e.o.client.ProductClient - [ProductClient#getProductById] transfer-encoding: chunked
2026-04-14 17:09:46 [http-nio-8083-exec-8] DEBUG c.e.o.client.ProductClient - [ProductClient#getProductById] vary: Origin
2026-04-14 17:09:46 [http-nio-8083-exec-8] DEBUG c.e.o.client.ProductClient - [ProductClient#getProductById] vary: Access-Control-Request-Method
2026-04-14 17:09:46 [http-nio-8083-exec-8] DEBUG c.e.o.client.ProductClient - [ProductClient#getProductById] vary: Access-Control-Request-Headers
2026-04-14 17:09:46 [http-nio-8083-exec-8] DEBUG c.e.o.client.ProductClient - [ProductClient#getProductById] x-content-type-options: nosniff
2026-04-14 17:09:46 [http-nio-8083-exec-8] DEBUG c.e.o.client.ProductClient - [ProductClient#getProductById] x-frame-options: DENY
2026-04-14 17:09:46 [http-nio-8083-exec-8] DEBUG c.e.o.client.ProductClient - [ProductClient#getProductById] x-xss-protection: 0
2026-04-14 17:09:46 [http-nio-8083-exec-8] DEBUG c.e.o.client.ProductClient - [ProductClient#getProductById] 
2026-04-14 17:09:46 [http-nio-8083-exec-8] DEBUG c.e.o.client.ProductClient - [ProductClient#getProductById] {"success":true,"message":"Fetched product successfully","data":{"id":19,"name":"sanphammoi","description":"spm","price":230000.00,"stock":95}}
2026-04-14 17:09:46 [http-nio-8083-exec-8] DEBUG c.e.o.client.ProductClient - [ProductClient#getProductById] <--- END HTTP (143-byte body)
2026-04-14 17:10:20 [http-nio-8083-exec-3] INFO  c.e.o.controller.OrderController - [Nội bộ] Payment Service đang lấy thông tin Đơn hàng ID: 5568e0c6-7c0e-4933-8661-3d6bc4ad3e2e
